<?xml version="1.0" encoding="UTF-8"?>
<coverage generated="1778472206169" clover="3.2.0">
  <project timestamp="1778472206169" name="All files">
    <metrics statements="494" coveredstatements="458" conditionals="396" coveredconditionals="336" methods="155" coveredmethods="135" elements="1045" coveredelements="929" complexity="0" loc="494" ncloc="494" packages="5" files="18" classes="18"/>
    <package name="components">
      <metrics statements="279" coveredstatements="247" conditionals="306" coveredconditionals="253" methods="98" coveredmethods="80"/>
      <file name="ConnectionIndicator.vue" path="/Users/david.cubler/toy/sel/sel-dashboard/app/components/ConnectionIndicator.vue">
        <metrics statements="12" coveredstatements="11" conditionals="16" coveredconditionals="14" methods="4" coveredmethods="2"/>
        <line num="2" count="6" type="stmt"/>
        <line num="4" count="1" type="stmt"/>
        <line num="29" count="6" type="stmt"/>
        <line num="35" count="6" type="stmt"/>
        <line num="37" count="6" type="stmt"/>
        <line num="38" count="6" type="stmt"/>
        <line num="40" count="6" type="stmt"/>
        <line num="41" count="6" type="cond" truecount="2" falsecount="0"/>
        <line num="42" count="1" type="stmt"/>
        <line num="43" count="1" type="cond" truecount="1" falsecount="1"/>
        <line num="44" count="1" type="cond" truecount="1" falsecount="1"/>
        <line num="45" count="0" type="stmt"/>
      </file>
      <file name="LoginForm.vue" path="/Users/david.cubler/toy/sel/sel-dashboard/app/components/LoginForm.vue">
        <metrics statements="43" coveredstatements="40" conditionals="63" coveredconditionals="61" methods="7" coveredmethods="6"/>
        <line num="2" count="60" type="stmt"/>
        <line num="3" count="17" type="stmt"/>
        <line num="4" count="17" type="stmt"/>
        <line num="11" count="17" type="stmt"/>
        <line num="20" count="7" type="stmt"/>
        <line num="40" count="17" type="stmt"/>
        <line num="49" count="5" type="stmt"/>
        <line num="67" count="17" type="stmt"/>
        <line num="76" count="5" type="stmt"/>
        <line num="94" count="17" type="stmt"/>
        <line num="97" count="0" type="stmt"/>
        <line num="115" count="17" type="stmt"/>
        <line num="155" count="10" type="stmt"/>
        <line num="156" count="10" type="stmt"/>
        <line num="158" count="10" type="stmt"/>
        <line num="164" count="10" type="stmt"/>
        <line num="171" count="10" type="stmt"/>
        <line num="176" count="180" type="stmt"/>
        <line num="177" count="180" type="cond" truecount="2" falsecount="0"/>
        <line num="183" count="7" type="stmt"/>
        <line num="184" count="7" type="stmt"/>
        <line num="185" count="7" type="stmt"/>
        <line num="187" count="7" type="stmt"/>
        <line num="189" count="7" type="cond" truecount="2" falsecount="0"/>
        <line num="190" count="1" type="stmt"/>
        <line num="191" count="1" type="stmt"/>
        <line num="194" count="6" type="stmt"/>
        <line num="195" count="1" type="stmt"/>
        <line num="198" count="7" type="cond" truecount="2" falsecount="0"/>
        <line num="199" count="2" type="stmt"/>
        <line num="200" count="2" type="stmt"/>
        <line num="203" count="7" type="cond" truecount="2" falsecount="0"/>
        <line num="204" count="2" type="stmt"/>
        <line num="205" count="2" type="stmt"/>
        <line num="208" count="7" type="stmt"/>
        <line num="212" count="7" type="cond" truecount="2" falsecount="0"/>
        <line num="214" count="3" type="stmt"/>
        <line num="220" count="3" type="cond" truecount="1" falsecount="1"/>
        <line num="221" count="3" type="cond" truecount="1" falsecount="1"/>
        <line num="222" count="0" type="stmt"/>
        <line num="223" count="0" type="stmt"/>
        <line num="226" count="3" type="stmt"/>
        <line num="228" count="3" type="stmt"/>
      </file>
      <file name="PollingControls.vue" path="/Users/david.cubler/toy/sel/sel-dashboard/app/components/PollingControls.vue">
        <metrics statements="3" coveredstatements="3" conditionals="12" coveredconditionals="12" methods="2" coveredmethods="2"/>
        <line num="2" count="6" type="stmt"/>
        <line num="8" count="2" type="cond" truecount="4" falsecount="0"/>
        <line num="17" count="1" type="cond" truecount="4" falsecount="0"/>
      </file>
      <file name="QualityBadge.vue" path="/Users/david.cubler/toy/sel/sel-dashboard/app/components/QualityBadge.vue">
        <metrics statements="8" coveredstatements="8" conditionals="2" coveredconditionals="2" methods="3" coveredmethods="3"/>
        <line num="2" count="13" type="stmt"/>
        <line num="9" count="13" type="stmt"/>
        <line num="11" count="13" type="stmt"/>
        <line num="17" count="13" type="stmt"/>
        <line num="23" count="13" type="cond" truecount="2" falsecount="0"/>
        <line num="24" count="13" type="stmt"/>
        <line num="25" count="13" type="stmt"/>
        <line num="27" count="13" type="stmt"/>
      </file>
      <file name="StatusBadge.vue" path="/Users/david.cubler/toy/sel/sel-dashboard/app/components/StatusBadge.vue">
        <metrics statements="6" coveredstatements="6" conditionals="0" coveredconditionals="0" methods="2" coveredmethods="2"/>
        <line num="2" count="73" type="stmt"/>
        <line num="10" count="73" type="stmt"/>
        <line num="12" count="73" type="stmt"/>
        <line num="18" count="73" type="stmt"/>
        <line num="19" count="73" type="stmt"/>
        <line num="22" count="73" type="stmt"/>
      </file>
      <file name="SymbolDetailModal.vue" path="/Users/david.cubler/toy/sel/sel-dashboard/app/components/SymbolDetailModal.vue">
        <metrics statements="73" coveredstatements="63" conditionals="98" coveredconditionals="75" methods="29" coveredmethods="26"/>
        <line num="2" count="8" type="stmt"/>
        <line num="3" count="1" type="stmt"/>
        <line num="8" count="0" type="cond" truecount="2" falsecount="0"/>
        <line num="12" count="1" type="stmt"/>
        <line num="22" count="1" type="stmt"/>
        <line num="33" count="1" type="cond" truecount="2" falsecount="0"/>
        <line num="42" count="1" type="stmt"/>
        <line num="46" count="1" type="stmt"/>
        <line num="48" count="1" type="stmt"/>
        <line num="50" count="1" type="stmt"/>
        <line num="52" count="1" type="stmt"/>
        <line num="53" count="1" type="cond" truecount="2" falsecount="0"/>
        <line num="55" count="1" type="stmt"/>
        <line num="61" count="1" type="stmt"/>
        <line num="79" count="1" type="stmt"/>
        <line num="89" count="1" type="stmt"/>
        <line num="92" count="1" type="stmt"/>
        <line num="96" count="1" type="cond" truecount="1" falsecount="1"/>
        <line num="100" count="1" type="cond" truecount="2" falsecount="0"/>
        <line num="104" count="1" type="stmt"/>
        <line num="108" count="1" type="stmt"/>
        <line num="118" count="1" type="stmt"/>
        <line num="148" count="1" type="stmt"/>
        <line num="149" count="0" type="stmt"/>
        <line num="170" count="1" type="stmt"/>
        <line num="173" count="48" type="stmt"/>
        <line num="199" count="8" type="stmt"/>
        <line num="206" count="8" type="stmt"/>
        <line num="210" count="8" type="stmt"/>
        <line num="211" count="8" type="stmt"/>
        <line num="212" count="8" type="stmt"/>
        <line num="213" count="8" type="stmt"/>
        <line num="216" count="88" type="stmt"/>
        <line num="217" count="88" type="stmt"/>
        <line num="218" count="137" type="cond" truecount="4" falsecount="0"/>
        <line num="219" count="126" type="stmt"/>
        <line num="221" count="77" type="stmt"/>
        <line num="224" count="8" type="cond" truecount="2" falsecount="0"/>
        <line num="225" count="8" type="cond" truecount="2" falsecount="0"/>
        <line num="226" count="8" type="cond" truecount="2" falsecount="0"/>
        <line num="227" count="8" type="cond" truecount="2" falsecount="1"/>
        <line num="228" count="8" type="cond" truecount="2" falsecount="0"/>
        <line num="229" count="8" type="cond" truecount="2" falsecount="0"/>
        <line num="230" count="8" type="cond" truecount="2" falsecount="0"/>
        <line num="231" count="8" type="cond" truecount="2" falsecount="0"/>
        <line num="232" count="8" type="cond" truecount="2" falsecount="0"/>
        <line num="233" count="8" type="cond" truecount="2" falsecount="0"/>
        <line num="240" count="8" type="stmt"/>
        <line num="246" count="8" type="stmt"/>
        <line num="247" count="8" type="stmt"/>
        <line num="248" count="8" type="cond" truecount="2" falsecount="0"/>
        <line num="249" count="7" type="stmt"/>
        <line num="250" count="56" type="stmt"/>
        <line num="251" count="0" type="stmt"/>
        <line num="256" count="8" type="stmt"/>
        <line num="257" count="8" type="stmt"/>
        <line num="258" count="8" type="stmt"/>
        <line num="260" count="8" type="stmt"/>
        <line num="261" count="8" type="stmt"/>
        <line num="262" count="8" type="stmt"/>
        <line num="263" count="8" type="stmt"/>
        <line num="266" count="8" type="stmt"/>
        <line num="267" count="8" type="stmt"/>
        <line num="268" count="8" type="stmt"/>
        <line num="272" count="1" type="cond" truecount="1" falsecount="1"/>
        <line num="273" count="0" type="cond" truecount="0" falsecount="2"/>
        <line num="275" count="0" type="stmt"/>
        <line num="280" count="1" type="cond" truecount="1" falsecount="1"/>
        <line num="282" count="0" type="stmt"/>
        <line num="283" count="0" type="stmt"/>
        <line num="285" count="0" type="cond" truecount="0" falsecount="2"/>
        <line num="286" count="0" type="cond" truecount="0" falsecount="2"/>
        <line num="289" count="0" type="cond" truecount="0" falsecount="2"/>
      </file>
      <file name="SymbolHistoryChart.vue" path="/Users/david.cubler/toy/sel/sel-dashboard/app/components/SymbolHistoryChart.vue">
        <metrics statements="31" coveredstatements="28" conditionals="27" coveredconditionals="20" methods="13" coveredmethods="12"/>
        <line num="2" count="17" type="stmt"/>
        <line num="3" count="2" type="stmt"/>
        <line num="29" count="16" type="stmt"/>
        <line num="31" count="16" type="stmt"/>
        <line num="33" count="16" type="stmt"/>
        <line num="34" count="16" type="stmt"/>
        <line num="36" count="17" type="cond" truecount="2" falsecount="0"/>
        <line num="37" count="17" type="stmt"/>
        <line num="40" count="4" type="stmt"/>
        <line num="48" count="4" type="stmt"/>
        <line num="49" count="4" type="stmt"/>
        <line num="58" count="4" type="cond" truecount="3" falsecount="1"/>
        <line num="60" count="4" type="stmt"/>
        <line num="61" count="4" type="stmt"/>
        <line num="63" count="4" type="stmt"/>
        <line num="66" count="18" type="stmt"/>
        <line num="68" count="18" type="stmt"/>
        <line num="86" count="0" type="stmt"/>
        <line num="105" count="16" type="stmt"/>
        <line num="108" count="1" type="cond" truecount="1" falsecount="1"/>
        <line num="110" count="1" type="cond" truecount="1" falsecount="1"/>
        <line num="111" count="0" type="stmt"/>
        <line num="112" count="0" type="stmt"/>
        <line num="116" count="4" type="stmt"/>
        <line num="117" count="4" type="stmt"/>
        <line num="118" count="1" type="stmt"/>
        <line num="123" count="16" type="stmt"/>
        <line num="124" count="16" type="cond" truecount="2" falsecount="0"/>
        <line num="128" count="16" type="stmt"/>
        <line num="129" count="9" type="stmt"/>
        <line num="130" count="9" type="stmt"/>
      </file>
      <file name="SymbolTable.vue" path="/Users/david.cubler/toy/sel/sel-dashboard/app/components/SymbolTable.vue">
        <metrics statements="78" coveredstatements="67" conditionals="65" coveredconditionals="50" methods="29" coveredmethods="21"/>
        <line num="2" count="17" type="stmt"/>
        <line num="5" count="1" type="stmt"/>
        <line num="6" count="1" type="stmt"/>
        <line num="15" count="2" type="stmt"/>
        <line num="32" count="1" type="stmt"/>
        <line num="33" count="1" type="stmt"/>
        <line num="34" count="1" type="stmt"/>
        <line num="39" count="2" type="cond" truecount="2" falsecount="0"/>
        <line num="47" count="0" type="cond" truecount="2" falsecount="0"/>
        <line num="60" count="1" type="stmt"/>
        <line num="72" count="78" type="stmt"/>
        <line num="77" count="1" type="stmt"/>
        <line num="78" count="1" type="stmt"/>
        <line num="80" count="1" type="stmt"/>
        <line num="83" count="1" type="stmt"/>
        <line num="86" count="1" type="stmt"/>
        <line num="89" count="1" type="stmt"/>
        <line num="92" count="1" type="stmt"/>
        <line num="95" count="1" type="stmt"/>
        <line num="98" count="1" type="stmt"/>
        <line num="101" count="0" type="stmt"/>
        <line num="112" count="1" type="stmt"/>
        <line num="117" count="1" type="stmt"/>
        <line num="123" count="0" type="cond" truecount="2" falsecount="0"/>
        <line num="129" count="2" type="stmt"/>
        <line num="136" count="0" type="stmt"/>
        <line num="146" count="0" type="cond" truecount="2" falsecount="0"/>
        <line num="153" count="0" type="stmt"/>
        <line num="173" count="11" type="stmt"/>
        <line num="182" count="11" type="stmt"/>
        <line num="183" count="11" type="stmt"/>
        <line num="184" count="11" type="stmt"/>
        <line num="186" count="11" type="stmt"/>
        <line num="187" count="2" type="cond" truecount="1" falsecount="1"/>
        <line num="188" count="2" type="stmt"/>
        <line num="189" count="2" type="stmt"/>
        <line num="190" count="2" type="stmt"/>
        <line num="197" count="11" type="stmt"/>
        <line num="198" count="11" type="stmt"/>
        <line num="201" count="2" type="cond" truecount="2" falsecount="0"/>
        <line num="202" count="1" type="cond" truecount="1" falsecount="1"/>
        <line num="205" count="1" type="stmt"/>
        <line num="206" count="1" type="stmt"/>
        <line num="208" count="2" type="stmt"/>
        <line num="212" count="34" type="cond" truecount="2" falsecount="0"/>
        <line num="213" count="2" type="cond" truecount="2" falsecount="0"/>
        <line num="220" count="11" type="stmt"/>
        <line num="221" count="15" type="stmt"/>
        <line num="223" count="15" type="stmt"/>
        <line num="224" count="82" type="stmt"/>
        <line num="225" count="75" type="stmt"/>
        <line num="227" count="15" type="cond" truecount="2" falsecount="0"/>
        <line num="228" count="2" type="stmt"/>
        <line num="229" count="6" type="cond" truecount="2" falsecount="0"/>
        <line num="233" count="13" type="cond" truecount="1" falsecount="1"/>
        <line num="235" count="0" type="stmt"/>
        <line num="236" count="0" type="cond" truecount="0" falsecount="2"/>
        <line num="237" count="0" type="cond" truecount="0" falsecount="2"/>
        <line num="238" count="0" type="cond" truecount="0" falsecount="2"/>
        <line num="242" count="15" type="stmt"/>
        <line num="247" count="11" type="stmt"/>
        <line num="248" count="11" type="stmt"/>
        <line num="250" count="15" type="stmt"/>
        <line num="253" count="11" type="stmt"/>
        <line num="254" count="0" type="cond" truecount="0" falsecount="2"/>
        <line num="257" count="11" type="stmt"/>
        <line num="258" count="15" type="stmt"/>
        <line num="259" count="15" type="stmt"/>
        <line num="263" count="11" type="stmt"/>
        <line num="264" count="11" type="stmt"/>
        <line num="265" count="11" type="cond" truecount="2" falsecount="0"/>
        <line num="266" count="1" type="stmt"/>
        <line num="267" count="1" type="stmt"/>
        <line num="268" count="1" type="stmt"/>
        <line num="269" count="2" type="stmt"/>
        <line num="275" count="78" type="cond" truecount="1" falsecount="1"/>
        <line num="279" count="1" type="stmt"/>
        <line num="280" count="4" type="stmt"/>
      </file>
      <file name="UserMenu.vue" path="/Users/david.cubler/toy/sel/sel-dashboard/app/components/UserMenu.vue">
        <metrics statements="25" coveredstatements="21" conditionals="23" coveredconditionals="19" methods="9" coveredmethods="6"/>
        <line num="2" count="15" type="stmt"/>
        <line num="40" count="1" type="stmt"/>
        <line num="44" count="1" type="stmt"/>
        <line num="45" count="12" type="stmt"/>
        <line num="53" count="0" type="stmt"/>
        <line num="61" count="1" type="stmt"/>
        <line num="62" count="1" type="stmt"/>
        <line num="75" count="0" type="cond" truecount="2" falsecount="0"/>
        <line num="87" count="15" type="stmt"/>
        <line num="97" count="7" type="stmt"/>
        <line num="98" count="7" type="stmt"/>
        <line num="99" count="7" type="stmt"/>
        <line num="101" count="7" type="stmt"/>
        <line num="108" count="5" type="stmt"/>
        <line num="112" count="0" type="cond" truecount="0" falsecount="2"/>
        <line num="113" count="0" type="stmt"/>
        <line num="118" count="6" type="cond" truecount="4" falsecount="0"/>
        <line num="119" count="3" type="stmt"/>
        <line num="120" count="3" type="stmt"/>
        <line num="124" count="7" type="stmt"/>
        <line num="125" count="7" type="stmt"/>
        <line num="126" count="7" type="stmt"/>
        <line num="129" count="7" type="stmt"/>
        <line num="130" count="2" type="stmt"/>
        <line num="131" count="2" type="stmt"/>
      </file>
    </package>
    <package name="composables">
      <metrics statements="24" coveredstatements="24" conditionals="10" coveredconditionals="8" methods="6" coveredmethods="6"/>
      <file name="usePolling.ts" path="/Users/david.cubler/toy/sel/sel-dashboard/app/composables/usePolling.ts">
        <metrics statements="24" coveredstatements="24" conditionals="10" coveredconditionals="8" methods="6" coveredmethods="6"/>
        <line num="4" count="9" type="stmt"/>
        <line num="5" count="9" type="stmt"/>
        <line num="6" count="9" type="stmt"/>
        <line num="9" count="8" type="stmt"/>
        <line num="11" count="7" type="cond" truecount="2" falsecount="0"/>
        <line num="12" count="6" type="stmt"/>
        <line num="13" count="6" type="stmt"/>
        <line num="14" count="6" type="stmt"/>
        <line num="17" count="5" type="stmt"/>
        <line num="23" count="8" type="cond" truecount="2" falsecount="0"/>
        <line num="24" count="7" type="stmt"/>
        <line num="25" count="7" type="stmt"/>
        <line num="29" count="2" type="cond" truecount="1" falsecount="1"/>
        <line num="30" count="2" type="stmt"/>
        <line num="31" count="2" type="stmt"/>
        <line num="33" count="2" type="stmt"/>
        <line num="34" count="2" type="stmt"/>
        <line num="38" count="9" type="stmt"/>
        <line num="39" count="2" type="cond" truecount="2" falsecount="0"/>
        <line num="40" count="1" type="cond" truecount="1" falsecount="1"/>
        <line num="41" count="1" type="stmt"/>
        <line num="42" count="1" type="stmt"/>
        <line num="46" count="9" type="stmt"/>
        <line num="48" count="9" type="stmt"/>
      </file>
    </package>
    <package name="services">
      <metrics statements="58" coveredstatements="56" conditionals="25" coveredconditionals="22" methods="24" coveredmethods="23"/>
      <file name="apiService.ts" path="/Users/david.cubler/toy/sel/sel-dashboard/app/services/apiService.ts">
        <metrics statements="43" coveredstatements="41" conditionals="23" coveredconditionals="20" methods="14" coveredmethods="13"/>
        <line num="19" count="34" type="stmt"/>
        <line num="20" count="34" type="stmt"/>
        <line num="24" count="34" type="stmt"/>
        <line num="30" count="34" type="stmt"/>
        <line num="31" count="34" type="stmt"/>
        <line num="33" count="34" type="stmt"/>
        <line num="39" count="34" type="stmt"/>
        <line num="40" count="3" type="cond" truecount="4" falsecount="0"/>
        <line num="41" count="1" type="stmt"/>
        <line num="43" count="3" type="stmt"/>
        <line num="47" count="34" type="stmt"/>
        <line num="48" count="0" type="stmt"/>
        <line num="50" count="4" type="stmt"/>
        <line num="51" count="4" type="cond" truecount="4" falsecount="0"/>
        <line num="52" count="1" type="stmt"/>
        <line num="53" count="1" type="stmt"/>
        <line num="55" count="4" type="stmt"/>
        <line num="63" count="3" type="stmt"/>
        <line num="64" count="3" type="stmt"/>
        <line num="67" count="2" type="stmt"/>
        <line num="68" count="2" type="stmt"/>
        <line num="72" count="9" type="stmt"/>
        <line num="73" count="9" type="stmt"/>
        <line num="74" count="9" type="stmt"/>
        <line num="75" count="9" type="stmt"/>
        <line num="79" count="2" type="stmt"/>
        <line num="80" count="2" type="stmt"/>
        <line num="81" count="2" type="stmt"/>
        <line num="85" count="22" type="cond" truecount="3" falsecount="0"/>
        <line num="91" count="3" type="stmt"/>
        <line num="93" count="3" type="stmt"/>
        <line num="94" count="4" type="stmt"/>
        <line num="95" count="2" type="stmt"/>
        <line num="103" count="1" type="stmt"/>
        <line num="106" count="1" type="stmt"/>
        <line num="118" count="4" type="cond" truecount="1" falsecount="1"/>
        <line num="119" count="4" type="stmt"/>
        <line num="120" count="4" type="stmt"/>
        <line num="121" count="4" type="cond" truecount="2" falsecount="0"/>
        <line num="124" count="4" type="cond" truecount="4" falsecount="1"/>
        <line num="130" count="4" type="stmt"/>
        <line num="132" count="0" type="stmt"/>
        <line num="137" count="15" type="stmt"/>
      </file>
      <file name="storageService.ts" path="/Users/david.cubler/toy/sel/sel-dashboard/app/services/storageService.ts">
        <metrics statements="15" coveredstatements="15" conditionals="2" coveredconditionals="2" methods="10" coveredmethods="10"/>
        <line num="1" count="14" type="stmt"/>
        <line num="8" count="14" type="stmt"/>
        <line num="11" count="17" type="stmt"/>
        <line num="14" count="2" type="stmt"/>
        <line num="17" count="17" type="stmt"/>
        <line num="18" count="17" type="cond" truecount="2" falsecount="0"/>
        <line num="21" count="2" type="stmt"/>
        <line num="24" count="1" type="stmt"/>
        <line num="25" count="1" type="stmt"/>
        <line num="30" count="3" type="stmt"/>
        <line num="33" count="2" type="stmt"/>
        <line num="36" count="3" type="stmt"/>
        <line num="39" count="2" type="stmt"/>
        <line num="42" count="1" type="stmt"/>
        <line num="43" count="1" type="stmt"/>
      </file>
    </package>
    <package name="stores">
      <metrics statements="92" coveredstatements="90" conditionals="22" coveredconditionals="20" methods="18" coveredmethods="17"/>
      <file name="auth.ts" path="/Users/david.cubler/toy/sel/sel-dashboard/app/stores/auth.ts">
        <metrics statements="27" coveredstatements="27" conditionals="6" coveredconditionals="6" methods="4" coveredmethods="4"/>
        <line num="7" count="17" type="stmt"/>
        <line num="8" count="25" type="stmt"/>
        <line num="9" count="25" type="stmt"/>
        <line num="10" count="25" type="stmt"/>
        <line num="11" count="25" type="stmt"/>
        <line num="12" count="25" type="stmt"/>
        <line num="16" count="20" type="cond" truecount="2" falsecount="0"/>
        <line num="17" count="3" type="stmt"/>
        <line num="18" count="3" type="cond" truecount="2" falsecount="0"/>
        <line num="19" count="3" type="cond" truecount="2" falsecount="0"/>
        <line num="24" count="4" type="stmt"/>
        <line num="25" count="4" type="stmt"/>
        <line num="26" count="4" type="stmt"/>
        <line num="27" count="4" type="stmt"/>
        <line num="28" count="3" type="stmt"/>
        <line num="29" count="3" type="stmt"/>
        <line num="30" count="3" type="stmt"/>
        <line num="31" count="3" type="stmt"/>
        <line num="34" count="1" type="stmt"/>
        <line num="35" count="1" type="stmt"/>
        <line num="38" count="4" type="stmt"/>
        <line num="43" count="2" type="stmt"/>
        <line num="44" count="2" type="stmt"/>
        <line num="45" count="2" type="stmt"/>
        <line num="46" count="2" type="stmt"/>
        <line num="47" count="2" type="stmt"/>
        <line num="50" count="25" type="stmt"/>
      </file>
      <file name="preferences.ts" path="/Users/david.cubler/toy/sel/sel-dashboard/app/stores/preferences.ts">
        <metrics statements="20" coveredstatements="18" conditionals="8" coveredconditionals="6" methods="6" coveredmethods="5"/>
        <line num="5" count="17" type="stmt"/>
        <line num="10" count="17" type="stmt"/>
        <line num="11" count="34" type="cond" truecount="2" falsecount="0"/>
        <line num="12" count="34" type="stmt"/>
        <line num="15" count="22" type="stmt"/>
        <line num="16" count="22" type="cond" truecount="2" falsecount="0"/>
        <line num="17" count="2" type="stmt"/>
        <line num="18" count="20" type="cond" truecount="2" falsecount="0"/>
        <line num="20" count="1" type="stmt"/>
        <line num="24" count="19" type="stmt"/>
        <line num="29" count="18" type="stmt"/>
        <line num="32" count="18" type="stmt"/>
        <line num="33" count="0" type="cond" truecount="0" falsecount="2"/>
        <line num="34" count="0" type="stmt"/>
        <line num="39" count="34" type="stmt"/>
        <line num="40" count="1" type="stmt"/>
        <line num="41" count="1" type="stmt"/>
        <line num="44" count="34" type="stmt"/>
        <line num="45" count="1" type="stmt"/>
        <line num="48" count="34" type="stmt"/>
      </file>
      <file name="symbols.ts" path="/Users/david.cubler/toy/sel/sel-dashboard/app/stores/symbols.ts">
        <metrics statements="45" coveredstatements="45" conditionals="8" coveredconditionals="8" methods="8" coveredmethods="8"/>
        <line num="14" count="1" type="stmt"/>
        <line num="15" count="1" type="stmt"/>
        <line num="17" count="1" type="stmt"/>
        <line num="18" count="11" type="stmt"/>
        <line num="21" count="11" type="stmt"/>
        <line num="22" count="11" type="stmt"/>
        <line num="24" count="11" type="stmt"/>
        <line num="25" count="11" type="stmt"/>
        <line num="26" count="11" type="stmt"/>
        <line num="27" count="11" type="stmt"/>
        <line num="28" count="11" type="stmt"/>
        <line num="33" count="7" type="stmt"/>
        <line num="34" count="7" type="stmt"/>
        <line num="35" count="7" type="stmt"/>
        <line num="36" count="7" type="stmt"/>
        <line num="39" count="1" type="stmt"/>
        <line num="42" count="7" type="stmt"/>
        <line num="48" count="6" type="cond" truecount="2" falsecount="0"/>
        <line num="50" count="5" type="stmt"/>
        <line num="51" count="9" type="stmt"/>
        <line num="54" count="5" type="stmt"/>
        <line num="55" count="5" type="stmt"/>
        <line num="57" count="5" type="stmt"/>
        <line num="58" count="9" type="stmt"/>
        <line num="59" count="9" type="cond" truecount="2" falsecount="0"/>
        <line num="60" count="6" type="stmt"/>
        <line num="61" count="6" type="stmt"/>
        <line num="62" count="6" type="stmt"/>
        <line num="67" count="5" type="stmt"/>
        <line num="68" count="5" type="stmt"/>
        <line num="77" count="65" type="cond" truecount="2" falsecount="0"/>
        <line num="83" count="65" type="stmt"/>
        <line num="84" count="65" type="stmt"/>
        <line num="85" count="1478" type="stmt"/>
        <line num="88" count="65" type="stmt"/>
        <line num="94" count="65" type="cond" truecount="2" falsecount="0"/>
        <line num="95" count="5" type="stmt"/>
        <line num="98" count="65" type="stmt"/>
        <line num="102" count="1" type="stmt"/>
        <line num="103" count="1" type="stmt"/>
        <line num="104" count="1" type="stmt"/>
        <line num="105" count="1" type="stmt"/>
        <line num="106" count="1" type="stmt"/>
        <line num="107" count="1" type="stmt"/>
        <line num="110" count="11" type="stmt"/>
      </file>
    </package>
    <package name="utils">
      <metrics statements="41" coveredstatements="41" conditionals="33" coveredconditionals="33" methods="9" coveredmethods="9"/>
      <file name="csvExport.ts" path="/Users/david.cubler/toy/sel/sel-dashboard/app/utils/csvExport.ts">
        <metrics statements="19" coveredstatements="19" conditionals="11" coveredconditionals="11" methods="4" coveredmethods="4"/>
        <line num="5" count="1" type="stmt"/>
        <line num="9" count="40" type="cond" truecount="5" falsecount="0"/>
        <line num="10" count="1" type="stmt"/>
        <line num="12" count="39" type="stmt"/>
        <line num="23" count="5" type="stmt"/>
        <line num="24" count="8" type="stmt"/>
        <line num="25" count="8" type="stmt"/>
        <line num="26" count="8" type="stmt"/>
        <line num="35" count="5" type="stmt"/>
        <line num="37" count="8" type="stmt"/>
        <line num="40" count="5" type="stmt"/>
        <line num="41" count="5" type="stmt"/>
        <line num="42" count="5" type="stmt"/>
        <line num="43" count="5" type="stmt"/>
        <line num="44" count="5" type="stmt"/>
        <line num="45" count="5" type="stmt"/>
        <line num="46" count="5" type="stmt"/>
        <line num="47" count="5" type="stmt"/>
        <line num="48" count="5" type="stmt"/>
      </file>
      <file name="dateHelpers.ts" path="/Users/david.cubler/toy/sel/sel-dashboard/app/utils/dateHelpers.ts">
        <metrics statements="14" coveredstatements="14" conditionals="16" coveredconditionals="16" methods="3" coveredmethods="3"/>
        <line num="3" count="94" type="cond" truecount="2" falsecount="0"/>
        <line num="4" count="92" type="stmt"/>
        <line num="5" count="92" type="cond" truecount="2" falsecount="0"/>
        <line num="6" count="11" type="cond" truecount="2" falsecount="0"/>
        <line num="7" count="3" type="stmt"/>
        <line num="8" count="3" type="cond" truecount="2" falsecount="0"/>
        <line num="9" count="1" type="stmt"/>
        <line num="10" count="1" type="stmt"/>
        <line num="15" count="92" type="cond" truecount="2" falsecount="0"/>
        <line num="16" count="90" type="cond" truecount="2" falsecount="0"/>
        <line num="17" count="92" type="cond" truecount="2" falsecount="0"/>
        <line num="18" count="9" type="stmt"/>
        <line num="23" count="10" type="cond" truecount="2" falsecount="0"/>
        <line num="24" count="8" type="stmt"/>
      </file>
      <file name="qualityHelpers.ts" path="/Users/david.cubler/toy/sel/sel-dashboard/app/utils/qualityHelpers.ts">
        <metrics statements="8" coveredstatements="8" conditionals="6" coveredconditionals="6" methods="2" coveredmethods="2"/>
        <line num="4" count="5" type="stmt"/>
        <line num="5" count="5" type="stmt"/>
        <line num="8" count="102" type="cond" truecount="2" falsecount="0"/>
        <line num="9" count="94" type="stmt"/>
        <line num="10" count="94" type="cond" truecount="2" falsecount="0"/>
        <line num="11" count="5" type="cond" truecount="2" falsecount="0"/>
        <line num="12" count="2" type="stmt"/>
        <line num="16" count="84" type="stmt"/>
      </file>
    </package>
  </project>
</coverage>
