{"/Users/david.cubler/toy/sel/sel-dashboard/app/components/ConnectionIndicator.vue": {"path":"/Users/david.cubler/toy/sel/sel-dashboard/app/components/ConnectionIndicator.vue","statementMap":{"0":{"start":{"line":29,"column":14},"end":{"line":29,"column":null}},"1":{"start":{"line":35,"column":6},"end":{"line":35,"column":null}},"2":{"start":{"line":37,"column":0},"end":{"line":37,"column":null}},"3":{"start":{"line":37,"column":18},"end":{"line":37,"column":84}},"4":{"start":{"line":37,"column":51},"end":{"line":37,"column":74}},"5":{"start":{"line":38,"column":0},"end":{"line":38,"column":null}},"6":{"start":{"line":38,"column":18},"end":{"line":38,"column":43}},"7":{"start":{"line":40,"column":6},"end":{"line":46,"column":null}},"8":{"start":{"line":41,"column":2},"end":{"line":41,"column":null}},"9":{"start":{"line":41,"column":26},"end":{"line":41,"column":null}},"10":{"start":{"line":42,"column":18},"end":{"line":42,"column":null}},"11":{"start":{"line":43,"column":2},"end":{"line":43,"column":null}},"12":{"start":{"line":43,"column":19},"end":{"line":43,"column":null}},"13":{"start":{"line":44,"column":2},"end":{"line":44,"column":null}},"14":{"start":{"line":44,"column":20},"end":{"line":44,"column":null}},"15":{"start":{"line":45,"column":2},"end":{"line":45,"column":null}},"16":{"start":{"line":2,"column":7},"end":{"line":2,"column":null}},"17":{"start":{"line":4,"column":10},"end":{"line":4,"column":null}},"18":{"start":{"line":2,"column":2},"end":{"line":20,"column":null}}},"fnMap":{"0":{"name":"(anonymous_0)","decl":{"start":{"line":37,"column":10},"end":{"line":37,"column":16}},"loc":{"start":{"line":37,"column":16},"end":{"line":37,"column":85}},"line":37},"1":{"name":"(anonymous_1)","decl":{"start":{"line":37,"column":43},"end":{"line":37,"column":49}},"loc":{"start":{"line":37,"column":49},"end":{"line":37,"column":77}},"line":37},"2":{"name":"(anonymous_2)","decl":{"start":{"line":38,"column":12},"end":{"line":38,"column":18}},"loc":{"start":{"line":38,"column":18},"end":{"line":38,"column":43}},"line":38},"3":{"name":"(anonymous_3)","decl":{"start":{"line":40,"column":30},"end":{"line":40,"column":36}},"loc":{"start":{"line":40,"column":36},"end":{"line":46,"column":1}},"line":40}},"branchMap":{"0":{"loc":{"start":{"line":41,"column":2},"end":{"line":41,"column":null}},"type":"if","locations":[{"start":{"line":41,"column":2},"end":{"line":41,"column":null}},{"start":{},"end":{}}],"line":41},"1":{"loc":{"start":{"line":43,"column":2},"end":{"line":43,"column":null}},"type":"if","locations":[{"start":{"line":43,"column":2},"end":{"line":43,"column":null}},{"start":{},"end":{}}],"line":43},"2":{"loc":{"start":{"line":44,"column":2},"end":{"line":44,"column":null}},"type":"if","locations":[{"start":{"line":44,"column":2},"end":{"line":44,"column":null}},{"start":{},"end":{}}],"line":44},"3":{"loc":{"start":{"line":6,"column":14},"end":{"line":8,"column":null}},"type":"cond-expr","locations":[{"start":{"line":6,"column":21},"end":{"line":8,"column":null}},{"start":{"line":8,"column":8},"end":{"line":8,"column":null}}],"line":6},"4":{"loc":{"start":{"line":10,"column":16},"end":{"line":10,"column":null}},"type":"cond-expr","locations":[{"start":{"line":10,"column":34},"end":{"line":10,"column":null}},{"start":{"line":10,"column":34},"end":{"line":10,"column":null}}],"line":10},"5":{"loc":{"start":{"line":15,"column":18},"end":{"line":15,"column":null}},"type":"cond-expr","locations":[{"start":{"line":15,"column":36},"end":{"line":15,"column":null}},{"start":{"line":15,"column":36},"end":{"line":15,"column":null}}],"line":15},"6":{"loc":{"start":{"line":16,"column":9},"end":{"line":16,"column":null}},"type":"cond-expr","locations":[{"start":{"line":16,"column":27},"end":{"line":16,"column":null}},{"start":{"line":16,"column":27},"end":{"line":16,"column":null}}],"line":16},"7":{"loc":{"start":{"line":19,"column":16},"end":{"line":20,"column":null}},"type":"cond-expr","locations":[{"start":{"line":19,"column":16},"end":{"line":20,"column":null}},{"start":{"line":20,"column":23},"end":{"line":20,"column":null}}],"line":19}},"s":{"0":6,"1":6,"2":6,"3":6,"4":0,"5":6,"6":0,"7":6,"8":6,"9":5,"10":1,"11":1,"12":0,"13":1,"14":1,"15":0,"16":1,"17":1,"18":6},"f":{"0":6,"1":0,"2":0,"3":6},"b":{"0":[5,1],"1":[0,1],"2":[1,0],"3":[4,2],"4":[4,2],"5":[4,2],"6":[4,2],"7":[1,5]},"meta":{"lastBranch":8,"lastFunction":4,"lastStatement":19,"seen":{"s:29:14:29:Infinity":0,"s:35:6:35:Infinity":1,"s:37:0:37:Infinity":2,"f:37:10:37:16":0,"s:37:18:37:84":3,"f:37:43:37:49":1,"s:37:51:37:74":4,"s:38:0:38:Infinity":5,"f:38:12:38:18":2,"s:38:18:38:43":6,"s:40:6:46:Infinity":7,"f:40:30:40:36":3,"b:41:2:41:Infinity:undefined:undefined:undefined:undefined":0,"s:41:2:41:Infinity":8,"s:41:26:41:Infinity":9,"s:42:18:42:Infinity":10,"b:43:2:43:Infinity:undefined:undefined:undefined:undefined":1,"s:43:2:43:Infinity":11,"s:43:19:43:Infinity":12,"b:44:2:44:Infinity:undefined:undefined:undefined:undefined":2,"s:44:2:44:Infinity":13,"s:44:20:44:Infinity":14,"s:45:2:45:Infinity":15,"s:2:7:2:Infinity":16,"s:4:10:4:Infinity":17,"s:2:2:20:Infinity":18,"b:6:21:8:Infinity:8:8:8:Infinity":3,"b:10:34:10:Infinity:10:34:10:Infinity":4,"b:15:36:15:Infinity:15:36:15:Infinity":5,"b:16:27:16:Infinity:16:27:16:Infinity":6,"b:19:16:20:Infinity:20:23:20:Infinity":7}}}
,"/Users/david.cubler/toy/sel/sel-dashboard/app/components/LoginForm.vue": {"path":"/Users/david.cubler/toy/sel/sel-dashboard/app/components/LoginForm.vue","statementMap":{"0":{"start":{"line":155,"column":6},"end":{"line":155,"column":null}},"1":{"start":{"line":156,"column":6},"end":{"line":156,"column":null}},"2":{"start":{"line":158,"column":6},"end":{"line":162,"column":null}},"3":{"start":{"line":164,"column":6},"end":{"line":168,"column":null}},"4":{"start":{"line":171,"column":6},"end":{"line":173,"column":null}},"5":{"start":{"line":176,"column":15},"end":{"line":176,"column":null}},"6":{"start":{"line":177,"column":2},"end":{"line":179,"column":null}},"7":{"start":{"line":183,"column":2},"end":{"line":183,"column":null}},"8":{"start":{"line":184,"column":2},"end":{"line":184,"column":null}},"9":{"start":{"line":185,"column":2},"end":{"line":185,"column":null}},"10":{"start":{"line":187,"column":14},"end":{"line":187,"column":null}},"11":{"start":{"line":189,"column":2},"end":{"line":196,"column":null}},"12":{"start":{"line":190,"column":4},"end":{"line":190,"column":null}},"13":{"start":{"line":191,"column":4},"end":{"line":191,"column":null}},"14":{"start":{"line":194,"column":4},"end":{"line":195,"column":null}},"15":{"start":{"line":194,"column":10},"end":{"line":194,"column":34}},"16":{"start":{"line":195,"column":12},"end":{"line":195,"column":84}},"17":{"start":{"line":195,"column":84},"end":{"line":195,"column":98}},"18":{"start":{"line":198,"column":2},"end":{"line":201,"column":null}},"19":{"start":{"line":199,"column":4},"end":{"line":199,"column":null}},"20":{"start":{"line":200,"column":4},"end":{"line":200,"column":null}},"21":{"start":{"line":203,"column":2},"end":{"line":206,"column":null}},"22":{"start":{"line":204,"column":4},"end":{"line":204,"column":null}},"23":{"start":{"line":205,"column":4},"end":{"line":205,"column":null}},"24":{"start":{"line":208,"column":2},"end":{"line":208,"column":null}},"25":{"start":{"line":212,"column":2},"end":{"line":212,"column":null}},"26":{"start":{"line":212,"column":19},"end":{"line":212,"column":null}},"27":{"start":{"line":214,"column":18},"end":{"line":218,"column":null}},"28":{"start":{"line":220,"column":2},"end":{"line":229,"column":null}},"29":{"start":{"line":221,"column":4},"end":{"line":227,"column":null}},"30":{"start":{"line":222,"column":6},"end":{"line":222,"column":null}},"31":{"start":{"line":223,"column":6},"end":{"line":223,"column":null}},"32":{"start":{"line":226,"column":6},"end":{"line":226,"column":null}},"33":{"start":{"line":228,"column":4},"end":{"line":228,"column":null}},"34":{"start":{"line":2,"column":7},"end":{"line":2,"column":null}},"35":{"start":{"line":3,"column":9},"end":{"line":3,"column":null}},"36":{"start":{"line":4,"column":11},"end":{"line":4,"column":null}},"37":{"start":{"line":11,"column":15},"end":{"line":11,"column":null}},"38":{"start":{"line":40,"column":15},"end":{"line":40,"column":null}},"39":{"start":{"line":67,"column":15},"end":{"line":67,"column":null}},"40":{"start":{"line":94,"column":15},"end":{"line":94,"column":null}},"41":{"start":{"line":115,"column":15},"end":{"line":115,"column":null}},"42":{"start":{"line":2,"column":2},"end":{"line":141,"column":83}},"43":{"start":{"line":20,"column":28},"end":{"line":20,"column":43}},"44":{"start":{"line":49,"column":28},"end":{"line":49,"column":42}},"45":{"start":{"line":76,"column":23},"end":{"line":76,"column":null}},"46":{"start":{"line":97,"column":23},"end":{"line":97,"column":null}}},"fnMap":{"0":{"name":"inputClass","decl":{"start":{"line":175,"column":9},"end":{"line":175,"column":20}},"loc":{"start":{"line":175,"column":47},"end":{"line":180,"column":null}},"line":175},"1":{"name":"validate","decl":{"start":{"line":182,"column":9},"end":{"line":182,"column":29}},"loc":{"start":{"line":182,"column":29},"end":{"line":209,"column":null}},"line":182},"2":{"name":"handleSubmit","decl":{"start":{"line":211,"column":15},"end":{"line":211,"column":30}},"loc":{"start":{"line":211,"column":30},"end":{"line":230,"column":null}},"line":211},"3":{"name":"(anonymous_3)","decl":{"start":{"line":19,"column":17},"end":{"line":19,"column":null}},"loc":{"start":{"line":20,"column":28},"end":{"line":20,"column":43}},"line":20},"4":{"name":"(anonymous_4)","decl":{"start":{"line":48,"column":17},"end":{"line":48,"column":null}},"loc":{"start":{"line":49,"column":28},"end":{"line":49,"column":42}},"line":49},"5":{"name":"(anonymous_5)","decl":{"start":{"line":75,"column":17},"end":{"line":75,"column":null}},"loc":{"start":{"line":76,"column":23},"end":{"line":76,"column":null}},"line":76},"6":{"name":"(anonymous_6)","decl":{"start":{"line":96,"column":17},"end":{"line":96,"column":null}},"loc":{"start":{"line":97,"column":23},"end":{"line":97,"column":null}},"line":97}},"branchMap":{"0":{"loc":{"start":{"line":159,"column":13},"end":{"line":159,"column":null}},"type":"binary-expr","locations":[{"start":{"line":159,"column":13},"end":{"line":159,"column":46}},{"start":{"line":159,"column":46},"end":{"line":159,"column":null}}],"line":159},"1":{"loc":{"start":{"line":160,"column":12},"end":{"line":160,"column":null}},"type":"binary-expr","locations":[{"start":{"line":160,"column":12},"end":{"line":160,"column":44}},{"start":{"line":160,"column":44},"end":{"line":160,"column":null}}],"line":160},"2":{"loc":{"start":{"line":172,"column":5},"end":{"line":172,"column":null}},"type":"binary-expr","locations":[{"start":{"line":172,"column":5},"end":{"line":172,"column":37}},{"start":{"line":172,"column":37},"end":{"line":172,"column":null}}],"line":172},"3":{"loc":{"start":{"line":177,"column":9},"end":{"line":179,"column":null}},"type":"cond-expr","locations":[{"start":{"line":178,"column":6},"end":{"line":178,"column":null}},{"start":{"line":179,"column":6},"end":{"line":179,"column":null}}],"line":177},"4":{"loc":{"start":{"line":189,"column":2},"end":{"line":196,"column":null}},"type":"if","locations":[{"start":{"line":189,"column":2},"end":{"line":196,"column":null}},{"start":{"line":193,"column":7},"end":{"line":196,"column":null}}],"line":189},"5":{"loc":{"start":{"line":198,"column":2},"end":{"line":201,"column":null}},"type":"if","locations":[{"start":{"line":198,"column":2},"end":{"line":201,"column":null}},{"start":{},"end":{}}],"line":198},"6":{"loc":{"start":{"line":203,"column":2},"end":{"line":206,"column":null}},"type":"if","locations":[{"start":{"line":203,"column":2},"end":{"line":206,"column":null}},{"start":{},"end":{}}],"line":203},"7":{"loc":{"start":{"line":212,"column":2},"end":{"line":212,"column":null}},"type":"if","locations":[{"start":{"line":212,"column":2},"end":{"line":212,"column":null}},{"start":{},"end":{}}],"line":212},"8":{"loc":{"start":{"line":220,"column":2},"end":{"line":229,"column":null}},"type":"if","locations":[{"start":{"line":220,"column":2},"end":{"line":229,"column":null}},{"start":{},"end":{}}],"line":220},"9":{"loc":{"start":{"line":221,"column":4},"end":{"line":227,"column":null}},"type":"if","locations":[{"start":{"line":221,"column":4},"end":{"line":227,"column":null}},{"start":{"line":225,"column":9},"end":{"line":227,"column":null}}],"line":221},"10":{"loc":{"start":{"line":144,"column":12},"end":{"line":7,"column":13}},"type":"binary-expr","locations":[{"start":{"line":144,"column":12},"end":{"line":144,"column":null}},{"start":{"line":144,"column":12},"end":{"line":7,"column":13}}],"line":144},"11":{"loc":{"start":{"line":37,"column":16},"end":{"line":17,"column":20}},"type":"binary-expr","locations":[{"start":{"line":37,"column":16},"end":{"line":37,"column":null}},{"start":{"line":37,"column":16},"end":{"line":17,"column":20}}],"line":37},"12":{"loc":{"start":{"line":19,"column":17},"end":{"line":20,"column":43}},"type":"binary-expr","locations":[{"start":{"line":19,"column":17},"end":{"line":19,"column":null}},{"start":{"line":19,"column":17},"end":{"line":20,"column":43}}],"line":19},"13":{"loc":{"start":{"line":26,"column":27},"end":{"line":26,"column":null}},"type":"binary-expr","locations":[{"start":{"line":26,"column":27},"end":{"line":26,"column":56}},{"start":{"line":26,"column":56},"end":{"line":26,"column":null}}],"line":26},"14":{"loc":{"start":{"line":27,"column":33},"end":{"line":27,"column":null}},"type":"cond-expr","locations":[{"start":{"line":27,"column":54},"end":{"line":27,"column":77}},{"start":{"line":27,"column":77},"end":{"line":27,"column":null}}],"line":27},"15":{"loc":{"start":{"line":30,"column":20},"end":{"line":35,"column":null}},"type":"cond-expr","locations":[{"start":{"line":30,"column":32},"end":{"line":35,"column":null}},{"start":{"line":35,"column":38},"end":{"line":35,"column":null}}],"line":30},"16":{"loc":{"start":{"line":64,"column":16},"end":{"line":46,"column":20}},"type":"binary-expr","locations":[{"start":{"line":64,"column":16},"end":{"line":64,"column":null}},{"start":{"line":64,"column":16},"end":{"line":46,"column":20}}],"line":64},"17":{"loc":{"start":{"line":48,"column":17},"end":{"line":49,"column":42}},"type":"binary-expr","locations":[{"start":{"line":48,"column":17},"end":{"line":48,"column":null}},{"start":{"line":48,"column":17},"end":{"line":49,"column":42}}],"line":48},"18":{"loc":{"start":{"line":53,"column":27},"end":{"line":53,"column":null}},"type":"binary-expr","locations":[{"start":{"line":53,"column":27},"end":{"line":53,"column":55}},{"start":{"line":53,"column":55},"end":{"line":53,"column":null}}],"line":53},"19":{"loc":{"start":{"line":54,"column":33},"end":{"line":54,"column":null}},"type":"cond-expr","locations":[{"start":{"line":54,"column":53},"end":{"line":54,"column":75}},{"start":{"line":54,"column":75},"end":{"line":54,"column":null}}],"line":54},"20":{"loc":{"start":{"line":57,"column":20},"end":{"line":62,"column":null}},"type":"cond-expr","locations":[{"start":{"line":57,"column":32},"end":{"line":62,"column":null}},{"start":{"line":62,"column":37},"end":{"line":62,"column":null}}],"line":57},"21":{"loc":{"start":{"line":91,"column":16},"end":{"line":73,"column":20}},"type":"binary-expr","locations":[{"start":{"line":91,"column":16},"end":{"line":91,"column":null}},{"start":{"line":91,"column":16},"end":{"line":73,"column":20}}],"line":91},"22":{"loc":{"start":{"line":75,"column":17},"end":{"line":76,"column":null}},"type":"binary-expr","locations":[{"start":{"line":75,"column":17},"end":{"line":75,"column":null}},{"start":{"line":75,"column":17},"end":{"line":76,"column":null}}],"line":75},"23":{"loc":{"start":{"line":80,"column":27},"end":{"line":80,"column":null}},"type":"binary-expr","locations":[{"start":{"line":80,"column":27},"end":{"line":80,"column":55}},{"start":{"line":80,"column":55},"end":{"line":80,"column":null}}],"line":80},"24":{"loc":{"start":{"line":81,"column":33},"end":{"line":81,"column":null}},"type":"cond-expr","locations":[{"start":{"line":81,"column":53},"end":{"line":81,"column":75}},{"start":{"line":81,"column":75},"end":{"line":81,"column":null}}],"line":81},"25":{"loc":{"start":{"line":84,"column":20},"end":{"line":89,"column":null}},"type":"cond-expr","locations":[{"start":{"line":84,"column":32},"end":{"line":89,"column":null}},{"start":{"line":89,"column":37},"end":{"line":89,"column":null}}],"line":84},"26":{"loc":{"start":{"line":96,"column":17},"end":{"line":97,"column":null}},"type":"binary-expr","locations":[{"start":{"line":96,"column":17},"end":{"line":96,"column":null}},{"start":{"line":96,"column":17},"end":{"line":97,"column":null}}],"line":96},"27":{"loc":{"start":{"line":101,"column":12},"end":{"line":106,"column":20}},"type":"binary-expr","locations":[{"start":{"line":101,"column":12},"end":{"line":101,"column":null}},{"start":{"line":101,"column":12},"end":{"line":106,"column":20}}],"line":101},"28":{"loc":{"start":{"line":111,"column":18},"end":{"line":116,"column":null}},"type":"cond-expr","locations":[{"start":{"line":111,"column":23},"end":{"line":116,"column":null}},{"start":{"line":116,"column":35},"end":{"line":116,"column":null}}],"line":111},"29":{"loc":{"start":{"line":127,"column":20},"end":{"line":138,"column":null}},"type":"cond-expr","locations":[{"start":{"line":127,"column":25},"end":{"line":138,"column":null}}],"line":127},"30":{"loc":{"start":{"line":140,"column":18},"end":{"line":138,"column":null}},"type":"binary-expr","locations":[{"start":{"line":140,"column":18},"end":{"line":140,"column":null}},{"start":{"line":140,"column":18},"end":{"line":138,"column":null}}],"line":140},"31":{"loc":{"start":{"line":141,"column":21},"end":{"line":141,"column":83}},"type":"cond-expr","locations":[{"start":{"line":141,"column":33},"end":{"line":141,"column":83}},{"start":{"line":141,"column":33},"end":{"line":141,"column":83}}],"line":141}},"s":{"0":10,"1":10,"2":10,"3":10,"4":10,"5":180,"6":180,"7":7,"8":7,"9":7,"10":7,"11":7,"12":1,"13":1,"14":6,"15":6,"16":1,"17":1,"18":7,"19":2,"20":2,"21":7,"22":2,"23":2,"24":7,"25":7,"26":4,"27":3,"28":3,"29":3,"30":0,"31":0,"32":3,"33":3,"34":17,"35":17,"36":17,"37":17,"38":17,"39":17,"40":17,"41":17,"42":60,"43":7,"44":5,"45":5,"46":0},"f":{"0":180,"1":7,"2":7,"3":7,"4":5,"5":5,"6":0},"b":{"0":[10,10],"1":[10,10],"2":[10,10],"3":[30,150],"4":[1,6],"5":[2,5],"6":[2,5],"7":[4,3],"8":[3,0],"9":[0,3],"10":[60,10],"11":[60,10],"12":[60,10],"13":[60,50],"14":[10,50],"15":[10,50],"16":[60,10],"17":[60,10],"18":[60,50],"19":[10,50],"20":[10,50],"21":[60,10],"22":[60,10],"23":[60,50],"24":[10,50],"25":[10,50],"26":[60,10],"27":[60,10],"28":[8,52],"29":[9],"30":[9,9],"31":[9,51]},"meta":{"lastBranch":32,"lastFunction":7,"lastStatement":47,"seen":{"s:155:6:155:Infinity":0,"s:156:6:156:Infinity":1,"s:158:6:162:Infinity":2,"b:159:13:159:46:159:46:159:Infinity":0,"b:160:12:160:44:160:44:160:Infinity":1,"s:164:6:168:Infinity":3,"s:171:6:173:Infinity":4,"b:172:5:172:37:172:37:172:Infinity":2,"f:175:9:175:20":0,"s:176:15:176:Infinity":5,"s:177:2:179:Infinity":6,"b:178:6:178:Infinity:179:6:179:Infinity":3,"f:182:9:182:29":1,"s:183:2:183:Infinity":7,"s:184:2:184:Infinity":8,"s:185:2:185:Infinity":9,"s:187:14:187:Infinity":10,"b:189:2:196:Infinity:193:7:196:Infinity":4,"s:189:2:196:Infinity":11,"s:190:4:190:Infinity":12,"s:191:4:191:Infinity":13,"s:194:4:195:Infinity":14,"s:194:10:194:34":15,"s:195:12:195:84":16,"s:195:84:195:98":17,"b:198:2:201:Infinity:undefined:undefined:undefined:undefined":5,"s:198:2:201:Infinity":18,"s:199:4:199:Infinity":19,"s:200:4:200:Infinity":20,"b:203:2:206:Infinity:undefined:undefined:undefined:undefined":6,"s:203:2:206:Infinity":21,"s:204:4:204:Infinity":22,"s:205:4:205:Infinity":23,"s:208:2:208:Infinity":24,"f:211:15:211:30":2,"b:212:2:212:Infinity:undefined:undefined:undefined:undefined":7,"s:212:2:212:Infinity":25,"s:212:19:212:Infinity":26,"s:214:18:218:Infinity":27,"b:220:2:229:Infinity:undefined:undefined:undefined:undefined":8,"s:220:2:229:Infinity":28,"b:221:4:227:Infinity:225:9:227:Infinity":9,"s:221:4:227:Infinity":29,"s:222:6:222:Infinity":30,"s:223:6:223:Infinity":31,"s:226:6:226:Infinity":32,"s:228:4:228:Infinity":33,"s:2:7:2:Infinity":34,"s:3:9:3:Infinity":35,"s:4:11:4:Infinity":36,"s:11:15:11:Infinity":37,"s:40:15:40:Infinity":38,"s:67:15:67:Infinity":39,"s:94:15:94:Infinity":40,"s:115:15:115:Infinity":41,"s:2:2:141:83":42,"b:144:12:144:Infinity:144:12:7:13":10,"b:37:16:37:Infinity:37:16:17:20":11,"b:19:17:19:Infinity:19:17:20:43":12,"f:19:17:19:Infinity":3,"s:20:28:20:43":43,"b:26:27:26:56:26:56:26:Infinity":13,"b:27:54:27:77:27:77:27:Infinity":14,"b:30:32:35:Infinity:35:38:35:Infinity":15,"b:64:16:64:Infinity:64:16:46:20":16,"b:48:17:48:Infinity:48:17:49:42":17,"f:48:17:48:Infinity":4,"s:49:28:49:42":44,"b:53:27:53:55:53:55:53:Infinity":18,"b:54:53:54:75:54:75:54:Infinity":19,"b:57:32:62:Infinity:62:37:62:Infinity":20,"b:91:16:91:Infinity:91:16:73:20":21,"b:75:17:75:Infinity:75:17:76:Infinity":22,"f:75:17:75:Infinity":5,"s:76:23:76:Infinity":45,"b:80:27:80:55:80:55:80:Infinity":23,"b:81:53:81:75:81:75:81:Infinity":24,"b:84:32:89:Infinity:89:37:89:Infinity":25,"b:96:17:96:Infinity:96:17:97:Infinity":26,"f:96:17:96:Infinity":6,"s:97:23:97:Infinity":46,"b:101:12:101:Infinity:101:12:106:20":27,"b:111:23:116:Infinity:116:35:116:Infinity":28,"b:127:25:138:Infinity":29,"b:140:18:140:Infinity:140:18:138:Infinity":30,"b:141:33:141:83:141:33:141:83":31}}}
,"/Users/david.cubler/toy/sel/sel-dashboard/app/components/PollingControls.vue": {"path":"/Users/david.cubler/toy/sel/sel-dashboard/app/components/PollingControls.vue","statementMap":{"0":{"start":{"line":2,"column":7},"end":{"line":2,"column":null}},"1":{"start":{"line":2,"column":2},"end":{"line":22,"column":41}},"2":{"start":{"line":8,"column":14},"end":{"line":8,"column":null}},"3":{"start":{"line":17,"column":15},"end":{"line":17,"column":null}}},"fnMap":{"0":{"name":"(anonymous_0)","decl":{"start":{"line":8,"column":12},"end":{"line":8,"column":14}},"loc":{"start":{"line":8,"column":14},"end":{"line":8,"column":null}},"line":8},"1":{"name":"(anonymous_1)","decl":{"start":{"line":17,"column":13},"end":{"line":17,"column":15}},"loc":{"start":{"line":17,"column":15},"end":{"line":17,"column":null}},"line":17}},"branchMap":{"0":{"loc":{"start":{"line":4,"column":14},"end":{"line":4,"column":null}},"type":"cond-expr","locations":[{"start":{"line":4,"column":14},"end":{"line":4,"column":null}},{"start":{"line":4,"column":14},"end":{"line":4,"column":null}}],"line":4},"1":{"loc":{"start":{"line":8,"column":12},"end":{"line":8,"column":null}},"type":"binary-expr","locations":[{"start":{"line":8,"column":12},"end":{"line":8,"column":14}},{"start":{"line":8,"column":12},"end":{"line":8,"column":null}}],"line":8},"2":{"loc":{"start":{"line":8,"column":14},"end":{"line":8,"column":null}},"type":"cond-expr","locations":[{"start":{"line":8,"column":26},"end":{"line":8,"column":42}},{"start":{"line":8,"column":42},"end":{"line":8,"column":null}}],"line":8},"3":{"loc":{"start":{"line":10,"column":9},"end":{"line":10,"column":null}},"type":"cond-expr","locations":[{"start":{"line":10,"column":18},"end":{"line":10,"column":null}},{"start":{"line":10,"column":18},"end":{"line":10,"column":null}}],"line":10},"4":{"loc":{"start":{"line":17,"column":13},"end":{"line":17,"column":null}},"type":"binary-expr","locations":[{"start":{"line":17,"column":13},"end":{"line":17,"column":15}},{"start":{"line":17,"column":13},"end":{"line":17,"column":null}}],"line":17},"5":{"loc":{"start":{"line":17,"column":89},"end":{"line":22,"column":41}},"type":"binary-expr","locations":[{"start":{"line":17,"column":89},"end":{"line":17,"column":null}},{"start":{"line":17,"column":89},"end":{"line":22,"column":41}}],"line":17}},"s":{"0":1,"1":6,"2":2,"3":1},"f":{"0":2,"1":1},"b":{"0":[2,4],"1":[6,6],"2":[1,1],"3":[2,4],"4":[6,6],"5":[6,6]},"meta":{"lastBranch":6,"lastFunction":2,"lastStatement":4,"seen":{"s:2:7:2:Infinity":0,"s:2:2:22:41":1,"b:4:14:4:Infinity:4:14:4:Infinity":0,"b:8:12:8:14:8:12:8:Infinity":1,"f:8:12:8:14":0,"s:8:14:8:Infinity":2,"b:8:26:8:42:8:42:8:Infinity":2,"b:10:18:10:Infinity:10:18:10:Infinity":3,"b:17:13:17:15:17:13:17:Infinity":4,"f:17:13:17:15":1,"s:17:15:17:Infinity":3,"b:17:89:17:Infinity:17:89:22:41":5}}}
,"/Users/david.cubler/toy/sel/sel-dashboard/app/components/QualityBadge.vue": {"path":"/Users/david.cubler/toy/sel/sel-dashboard/app/components/QualityBadge.vue","statementMap":{"0":{"start":{"line":9,"column":14},"end":{"line":9,"column":null}},"1":{"start":{"line":11,"column":50},"end":{"line":15,"column":null}},"2":{"start":{"line":17,"column":48},"end":{"line":21,"column":null}},"3":{"start":{"line":23,"column":6},"end":{"line":23,"column":null}},"4":{"start":{"line":23,"column":27},"end":{"line":23,"column":54}},"5":{"start":{"line":24,"column":6},"end":{"line":26,"column":null}},"6":{"start":{"line":25,"column":2},"end":{"line":25,"column":null}},"7":{"start":{"line":27,"column":6},"end":{"line":27,"column":null}},"8":{"start":{"line":27,"column":29},"end":{"line":27,"column":46}},"9":{"start":{"line":2,"column":2},"end":{"line":2,"column":39}}},"fnMap":{"0":{"name":"(anonymous_0)","decl":{"start":{"line":23,"column":21},"end":{"line":23,"column":27}},"loc":{"start":{"line":23,"column":27},"end":{"line":23,"column":54}},"line":23},"1":{"name":"(anonymous_1)","decl":{"start":{"line":24,"column":21},"end":{"line":24,"column":null}},"loc":{"start":{"line":25,"column":2},"end":{"line":25,"column":null}},"line":25},"2":{"name":"(anonymous_2)","decl":{"start":{"line":27,"column":23},"end":{"line":27,"column":29}},"loc":{"start":{"line":27,"column":29},"end":{"line":27,"column":46}},"line":27}},"branchMap":{"0":{"loc":{"start":{"line":23,"column":27},"end":{"line":23,"column":54}},"type":"binary-expr","locations":[{"start":{"line":23,"column":27},"end":{"line":23,"column":45}},{"start":{"line":23,"column":45},"end":{"line":23,"column":54}}],"line":23}},"s":{"0":13,"1":13,"2":13,"3":13,"4":13,"5":13,"6":13,"7":13,"8":13,"9":13},"f":{"0":13,"1":13,"2":13},"b":{"0":[13,1]},"meta":{"lastBranch":1,"lastFunction":3,"lastStatement":10,"seen":{"s:9:14:9:Infinity":0,"s:11:50:15:Infinity":1,"s:17:48:21:Infinity":2,"s:23:6:23:Infinity":3,"f:23:21:23:27":0,"s:23:27:23:54":4,"b:23:27:23:45:23:45:23:54":0,"s:24:6:26:Infinity":5,"f:24:21:24:Infinity":1,"s:25:2:25:Infinity":6,"s:27:6:27:Infinity":7,"f:27:23:27:29":2,"s:27:29:27:46":8,"s:2:2:2:39":9}}}
,"/Users/david.cubler/toy/sel/sel-dashboard/app/components/StatusBadge.vue": {"path":"/Users/david.cubler/toy/sel/sel-dashboard/app/components/StatusBadge.vue","statementMap":{"0":{"start":{"line":10,"column":14},"end":{"line":10,"column":null}},"1":{"start":{"line":12,"column":47},"end":{"line":16,"column":null}},"2":{"start":{"line":18,"column":6},"end":{"line":20,"column":null}},"3":{"start":{"line":19,"column":2},"end":{"line":19,"column":null}},"4":{"start":{"line":22,"column":6},"end":{"line":22,"column":null}},"5":{"start":{"line":22,"column":23},"end":{"line":22,"column":57}},"6":{"start":{"line":2,"column":2},"end":{"line":2,"column":39}}},"fnMap":{"0":{"name":"(anonymous_0)","decl":{"start":{"line":18,"column":21},"end":{"line":18,"column":null}},"loc":{"start":{"line":19,"column":2},"end":{"line":19,"column":null}},"line":19},"1":{"name":"(anonymous_1)","decl":{"start":{"line":22,"column":23},"end":{"line":22,"column":29}},"loc":{"start":{"line":22,"column":23},"end":{"line":22,"column":57}},"line":22}},"branchMap":{},"s":{"0":73,"1":73,"2":73,"3":73,"4":73,"5":73,"6":73},"f":{"0":73,"1":73},"b":{},"meta":{"lastBranch":0,"lastFunction":2,"lastStatement":7,"seen":{"s:10:14:10:Infinity":0,"s:12:47:16:Infinity":1,"s:18:6:20:Infinity":2,"f:18:21:18:Infinity":0,"s:19:2:19:Infinity":3,"s:22:6:22:Infinity":4,"f:22:23:22:29":1,"s:22:23:22:57":5,"s:2:2:2:39":6}}}
,"/Users/david.cubler/toy/sel/sel-dashboard/app/components/SymbolDetailModal.vue": {"path":"/Users/david.cubler/toy/sel/sel-dashboard/app/components/SymbolDetailModal.vue","statementMap":{"0":{"start":{"line":170,"column":6},"end":{"line":189,"column":null}},"1":{"start":{"line":173,"column":4},"end":{"line":187,"column":null}},"2":{"start":{"line":173,"column":11},"end":{"line":187,"column":null}},"3":{"start":{"line":199,"column":14},"end":{"line":199,"column":null}},"4":{"start":{"line":206,"column":13},"end":{"line":206,"column":null}},"5":{"start":{"line":210,"column":6},"end":{"line":210,"column":null}},"6":{"start":{"line":210,"column":34},"end":{"line":210,"column":86}},"7":{"start":{"line":210,"column":58},"end":{"line":210,"column":85}},"8":{"start":{"line":211,"column":6},"end":{"line":211,"column":null}},"9":{"start":{"line":211,"column":29},"end":{"line":211,"column":69}},"10":{"start":{"line":212,"column":6},"end":{"line":212,"column":null}},"11":{"start":{"line":212,"column":31},"end":{"line":212,"column":72}},"12":{"start":{"line":213,"column":6},"end":{"line":213,"column":null}},"13":{"start":{"line":213,"column":30},"end":{"line":213,"column":77}},"14":{"start":{"line":216,"column":24},"end":{"line":216,"column":null}},"15":{"start":{"line":217,"column":2},"end":{"line":220,"column":null}},"16":{"start":{"line":218,"column":4},"end":{"line":218,"column":null}},"17":{"start":{"line":218,"column":55},"end":{"line":218,"column":null}},"18":{"start":{"line":219,"column":4},"end":{"line":219,"column":null}},"19":{"start":{"line":221,"column":2},"end":{"line":221,"column":null}},"20":{"start":{"line":224,"column":6},"end":{"line":224,"column":null}},"21":{"start":{"line":224,"column":29},"end":{"line":224,"column":57}},"22":{"start":{"line":225,"column":6},"end":{"line":225,"column":null}},"23":{"start":{"line":225,"column":29},"end":{"line":225,"column":63}},"24":{"start":{"line":226,"column":6},"end":{"line":226,"column":null}},"25":{"start":{"line":226,"column":34},"end":{"line":226,"column":68}},"26":{"start":{"line":227,"column":6},"end":{"line":227,"column":null}},"27":{"start":{"line":227,"column":35},"end":{"line":227,"column":92}},"28":{"start":{"line":228,"column":6},"end":{"line":228,"column":null}},"29":{"start":{"line":228,"column":32},"end":{"line":228,"column":84}},"30":{"start":{"line":229,"column":6},"end":{"line":229,"column":null}},"31":{"start":{"line":229,"column":31},"end":{"line":229,"column":72}},"32":{"start":{"line":230,"column":6},"end":{"line":230,"column":null}},"33":{"start":{"line":230,"column":39},"end":{"line":230,"column":86}},"34":{"start":{"line":231,"column":6},"end":{"line":231,"column":null}},"35":{"start":{"line":231,"column":32},"end":{"line":231,"column":68}},"36":{"start":{"line":232,"column":6},"end":{"line":232,"column":null}},"37":{"start":{"line":232,"column":44},"end":{"line":232,"column":96}},"38":{"start":{"line":233,"column":6},"end":{"line":233,"column":null}},"39":{"start":{"line":233,"column":36},"end":{"line":233,"column":80}},"40":{"start":{"line":240,"column":61},"end":{"line":244,"column":null}},"41":{"start":{"line":246,"column":6},"end":{"line":252,"column":null}},"42":{"start":{"line":247,"column":13},"end":{"line":247,"column":null}},"43":{"start":{"line":248,"column":2},"end":{"line":248,"column":null}},"44":{"start":{"line":248,"column":11},"end":{"line":248,"column":null}},"45":{"start":{"line":249,"column":2},"end":{"line":251,"column":null}},"46":{"start":{"line":250,"column":23},"end":{"line":250,"column":24}},"47":{"start":{"line":251,"column":18},"end":{"line":251,"column":39}},"48":{"start":{"line":256,"column":6},"end":{"line":256,"column":null}},"49":{"start":{"line":257,"column":6},"end":{"line":257,"column":null}},"50":{"start":{"line":258,"column":6},"end":{"line":258,"column":null}},"51":{"start":{"line":260,"column":0},"end":{"line":264,"column":null}},"52":{"start":{"line":261,"column":2},"end":{"line":261,"column":null}},"53":{"start":{"line":262,"column":2},"end":{"line":262,"column":null}},"54":{"start":{"line":262,"column":17},"end":{"line":262,"column":43}},"55":{"start":{"line":263,"column":2},"end":{"line":263,"column":null}},"56":{"start":{"line":266,"column":0},"end":{"line":269,"column":null}},"57":{"start":{"line":267,"column":2},"end":{"line":267,"column":null}},"58":{"start":{"line":268,"column":2},"end":{"line":268,"column":null}},"59":{"start":{"line":272,"column":2},"end":{"line":272,"column":null}},"60":{"start":{"line":272,"column":28},"end":{"line":272,"column":43}},"61":{"start":{"line":272,"column":43},"end":{"line":272,"column":50}},"62":{"start":{"line":273,"column":2},"end":{"line":273,"column":null}},"63":{"start":{"line":273,"column":23},"end":{"line":273,"column":null}},"64":{"start":{"line":275,"column":20},"end":{"line":279,"column":null}},"65":{"start":{"line":280,"column":2},"end":{"line":280,"column":null}},"66":{"start":{"line":280,"column":30},"end":{"line":280,"column":null}},"67":{"start":{"line":282,"column":16},"end":{"line":282,"column":null}},"68":{"start":{"line":283,"column":15},"end":{"line":283,"column":null}},"69":{"start":{"line":285,"column":2},"end":{"line":290,"column":null}},"70":{"start":{"line":286,"column":4},"end":{"line":286,"column":null}},"71":{"start":{"line":286,"column":44},"end":{"line":286,"column":64}},"72":{"start":{"line":286,"column":64},"end":{"line":286,"column":77}},"73":{"start":{"line":289,"column":4},"end":{"line":289,"column":null}},"74":{"start":{"line":289,"column":43},"end":{"line":289,"column":63}},"75":{"start":{"line":289,"column":63},"end":{"line":289,"column":77}},"76":{"start":{"line":3,"column":9},"end":{"line":3,"column":null}},"77":{"start":{"line":12,"column":11},"end":{"line":12,"column":null}},"78":{"start":{"line":22,"column":15},"end":{"line":22,"column":null}},"79":{"start":{"line":42,"column":15},"end":{"line":42,"column":null}},"80":{"start":{"line":46,"column":19},"end":{"line":46,"column":null}},"81":{"start":{"line":48,"column":21},"end":{"line":48,"column":null}},"82":{"start":{"line":50,"column":26},"end":{"line":50,"column":95}},"83":{"start":{"line":52,"column":21},"end":{"line":52,"column":75}},"84":{"start":{"line":53,"column":44},"end":{"line":53,"column":65}},"85":{"start":{"line":55,"column":21},"end":{"line":55,"column":70}},"86":{"start":{"line":61,"column":21},"end":{"line":61,"column":null}},"87":{"start":{"line":79,"column":19},"end":{"line":79,"column":null}},"88":{"start":{"line":89,"column":18},"end":{"line":89,"column":null}},"89":{"start":{"line":92,"column":22},"end":{"line":92,"column":75}},"90":{"start":{"line":96,"column":22},"end":{"line":96,"column":75}},"91":{"start":{"line":100,"column":22},"end":{"line":100,"column":75}},"92":{"start":{"line":104,"column":22},"end":{"line":104,"column":75}},"93":{"start":{"line":108,"column":22},"end":{"line":108,"column":86}},"94":{"start":{"line":118,"column":19},"end":{"line":118,"column":null}},"95":{"start":{"line":148,"column":21},"end":{"line":148,"column":null}},"96":{"start":{"line":2,"column":2},"end":{"line":154,"column":null}},"97":{"start":{"line":8,"column":16},"end":{"line":8,"column":null}},"98":{"start":{"line":33,"column":22},"end":{"line":33,"column":null}},"99":{"start":{"line":149,"column":18},"end":{"line":154,"column":null}}},"fnMap":{"0":{"name":"(anonymous_0)","decl":{"start":{"line":172,"column":2},"end":{"line":172,"column":8}},"loc":{"start":{"line":172,"column":15},"end":{"line":188,"column":null}},"line":172},"1":{"name":"(anonymous_1)","decl":{"start":{"line":173,"column":11},"end":{"line":173,"column":17}},"loc":{"start":{"line":173,"column":11},"end":{"line":187,"column":null}},"line":173},"2":{"name":"(anonymous_2)","decl":{"start":{"line":210,"column":28},"end":{"line":210,"column":34}},"loc":{"start":{"line":210,"column":34},"end":{"line":210,"column":86}},"line":210},"3":{"name":"(anonymous_3)","decl":{"start":{"line":210,"column":53},"end":{"line":210,"column":58}},"loc":{"start":{"line":210,"column":58},"end":{"line":210,"column":85}},"line":210},"4":{"name":"(anonymous_4)","decl":{"start":{"line":211,"column":23},"end":{"line":211,"column":29}},"loc":{"start":{"line":211,"column":29},"end":{"line":211,"column":69}},"line":211},"5":{"name":"(anonymous_5)","decl":{"start":{"line":212,"column":25},"end":{"line":212,"column":31}},"loc":{"start":{"line":212,"column":31},"end":{"line":212,"column":72}},"line":212},"6":{"name":"(anonymous_6)","decl":{"start":{"line":213,"column":30},"end":{"line":213,"column":36}},"loc":{"start":{"line":213,"column":30},"end":{"line":213,"column":77}},"line":213},"7":{"name":"raw","decl":{"start":{"line":215,"column":9},"end":{"line":215,"column":16}},"loc":{"start":{"line":215,"column":47},"end":{"line":222,"column":null}},"line":215},"8":{"name":"(anonymous_8)","decl":{"start":{"line":224,"column":23},"end":{"line":224,"column":29}},"loc":{"start":{"line":224,"column":29},"end":{"line":224,"column":57}},"line":224},"9":{"name":"(anonymous_9)","decl":{"start":{"line":225,"column":23},"end":{"line":225,"column":29}},"loc":{"start":{"line":225,"column":29},"end":{"line":225,"column":63}},"line":225},"10":{"name":"(anonymous_10)","decl":{"start":{"line":226,"column":28},"end":{"line":226,"column":34}},"loc":{"start":{"line":226,"column":34},"end":{"line":226,"column":68}},"line":226},"11":{"name":"(anonymous_11)","decl":{"start":{"line":227,"column":29},"end":{"line":227,"column":35}},"loc":{"start":{"line":227,"column":35},"end":{"line":227,"column":92}},"line":227},"12":{"name":"(anonymous_12)","decl":{"start":{"line":228,"column":26},"end":{"line":228,"column":32}},"loc":{"start":{"line":228,"column":32},"end":{"line":228,"column":84}},"line":228},"13":{"name":"(anonymous_13)","decl":{"start":{"line":229,"column":25},"end":{"line":229,"column":31}},"loc":{"start":{"line":229,"column":31},"end":{"line":229,"column":72}},"line":229},"14":{"name":"(anonymous_14)","decl":{"start":{"line":230,"column":33},"end":{"line":230,"column":39}},"loc":{"start":{"line":230,"column":39},"end":{"line":230,"column":86}},"line":230},"15":{"name":"(anonymous_15)","decl":{"start":{"line":231,"column":26},"end":{"line":231,"column":32}},"loc":{"start":{"line":231,"column":32},"end":{"line":231,"column":68}},"line":231},"16":{"name":"(anonymous_16)","decl":{"start":{"line":232,"column":38},"end":{"line":232,"column":44}},"loc":{"start":{"line":232,"column":44},"end":{"line":232,"column":96}},"line":232},"17":{"name":"(anonymous_17)","decl":{"start":{"line":233,"column":30},"end":{"line":233,"column":36}},"loc":{"start":{"line":233,"column":36},"end":{"line":233,"column":80}},"line":233},"18":{"name":"(anonymous_18)","decl":{"start":{"line":246,"column":45},"end":{"line":246,"column":51}},"loc":{"start":{"line":246,"column":51},"end":{"line":252,"column":1}},"line":246},"19":{"name":"(anonymous_19)","decl":{"start":{"line":250,"column":12},"end":{"line":250,"column":13}},"loc":{"start":{"line":250,"column":23},"end":{"line":250,"column":24}},"line":250},"20":{"name":"(anonymous_20)","decl":{"start":{"line":251,"column":9},"end":{"line":251,"column":10}},"loc":{"start":{"line":251,"column":18},"end":{"line":251,"column":39}},"line":251},"21":{"name":"(anonymous_21)","decl":{"start":{"line":260,"column":10},"end":{"line":260,"column":16}},"loc":{"start":{"line":260,"column":16},"end":{"line":264,"column":1}},"line":260},"22":{"name":"(anonymous_22)","decl":{"start":{"line":262,"column":11},"end":{"line":262,"column":17}},"loc":{"start":{"line":262,"column":17},"end":{"line":262,"column":43}},"line":262},"23":{"name":"(anonymous_23)","decl":{"start":{"line":266,"column":12},"end":{"line":266,"column":18}},"loc":{"start":{"line":266,"column":18},"end":{"line":269,"column":1}},"line":266},"24":{"name":"handleKeydown","decl":{"start":{"line":271,"column":9},"end":{"line":271,"column":23}},"loc":{"start":{"line":271,"column":47},"end":{"line":291,"column":null}},"line":271},"25":{"name":"(anonymous_25)","decl":{"start":{"line":8,"column":14},"end":{"line":8,"column":16}},"loc":{"start":{"line":8,"column":16},"end":{"line":8,"column":null}},"line":8},"26":{"name":"(anonymous_26)","decl":{"start":{"line":19,"column":10},"end":{"line":19,"column":11}},"loc":{"start":{"line":19,"column":10},"end":{"line":19,"column":11}},"line":19},"27":{"name":"(anonymous_27)","decl":{"start":{"line":33,"column":20},"end":{"line":33,"column":22}},"loc":{"start":{"line":33,"column":22},"end":{"line":33,"column":null}},"line":33},"28":{"name":"(anonymous_28)","decl":{"start":{"line":150,"column":52},"end":{"line":150,"column":null}},"loc":{"start":{"line":150,"column":31},"end":{"line":154,"column":null}},"line":150}},"branchMap":{"0":{"loc":{"start":{"line":175,"column":15},"end":{"line":177,"column":null}},"type":"cond-expr","locations":[{"start":{"line":176,"column":12},"end":{"line":176,"column":null}},{"start":{"line":177,"column":12},"end":{"line":177,"column":null}}],"line":175},"1":{"loc":{"start":{"line":181,"column":10},"end":{"line":183,"column":null}},"type":"cond-expr","locations":[{"start":{"line":181,"column":16},"end":{"line":182,"column":null}},{"start":{"line":182,"column":195},"end":{"line":183,"column":null}}],"line":181},"2":{"loc":{"start":{"line":218,"column":4},"end":{"line":218,"column":null}},"type":"if","locations":[{"start":{"line":218,"column":4},"end":{"line":218,"column":null}},{"start":{},"end":{}}],"line":218},"3":{"loc":{"start":{"line":218,"column":8},"end":{"line":218,"column":55}},"type":"binary-expr","locations":[{"start":{"line":218,"column":8},"end":{"line":218,"column":38}},{"start":{"line":218,"column":38},"end":{"line":218,"column":55}}],"line":218},"4":{"loc":{"start":{"line":224,"column":29},"end":{"line":224,"column":57}},"type":"binary-expr","locations":[{"start":{"line":224,"column":29},"end":{"line":224,"column":55}},{"start":{"line":224,"column":55},"end":{"line":224,"column":57}}],"line":224},"5":{"loc":{"start":{"line":225,"column":29},"end":{"line":225,"column":63}},"type":"binary-expr","locations":[{"start":{"line":225,"column":29},"end":{"line":225,"column":55}},{"start":{"line":225,"column":55},"end":{"line":225,"column":63}}],"line":225},"6":{"loc":{"start":{"line":226,"column":34},"end":{"line":226,"column":68}},"type":"binary-expr","locations":[{"start":{"line":226,"column":34},"end":{"line":226,"column":65}},{"start":{"line":226,"column":65},"end":{"line":226,"column":68}}],"line":226},"7":{"loc":{"start":{"line":227,"column":35},"end":{"line":227,"column":92}},"type":"binary-expr","locations":[{"start":{"line":227,"column":35},"end":{"line":227,"column":57}},{"start":{"line":227,"column":57},"end":{"line":227,"column":90}},{"start":{"line":227,"column":90},"end":{"line":227,"column":92}}],"line":227},"8":{"loc":{"start":{"line":228,"column":32},"end":{"line":228,"column":84}},"type":"binary-expr","locations":[{"start":{"line":228,"column":32},"end":{"line":228,"column":75}},{"start":{"line":228,"column":75},"end":{"line":228,"column":84}}],"line":228},"9":{"loc":{"start":{"line":229,"column":31},"end":{"line":229,"column":72}},"type":"binary-expr","locations":[{"start":{"line":229,"column":31},"end":{"line":229,"column":63}},{"start":{"line":229,"column":63},"end":{"line":229,"column":72}}],"line":229},"10":{"loc":{"start":{"line":230,"column":39},"end":{"line":230,"column":86}},"type":"binary-expr","locations":[{"start":{"line":230,"column":39},"end":{"line":230,"column":81}},{"start":{"line":230,"column":81},"end":{"line":230,"column":86}}],"line":230},"11":{"loc":{"start":{"line":231,"column":32},"end":{"line":231,"column":68}},"type":"binary-expr","locations":[{"start":{"line":231,"column":32},"end":{"line":231,"column":63}},{"start":{"line":231,"column":63},"end":{"line":231,"column":68}}],"line":231},"12":{"loc":{"start":{"line":232,"column":44},"end":{"line":232,"column":96}},"type":"binary-expr","locations":[{"start":{"line":232,"column":44},"end":{"line":232,"column":91}},{"start":{"line":232,"column":91},"end":{"line":232,"column":96}}],"line":232},"13":{"loc":{"start":{"line":233,"column":36},"end":{"line":233,"column":80}},"type":"binary-expr","locations":[{"start":{"line":233,"column":36},"end":{"line":233,"column":75}},{"start":{"line":233,"column":75},"end":{"line":233,"column":80}}],"line":233},"14":{"loc":{"start":{"line":248,"column":2},"end":{"line":248,"column":null}},"type":"if","locations":[{"start":{"line":248,"column":2},"end":{"line":248,"column":null}},{"start":{},"end":{}}],"line":248},"15":{"loc":{"start":{"line":272,"column":2},"end":{"line":272,"column":null}},"type":"if","locations":[{"start":{"line":272,"column":2},"end":{"line":272,"column":null}},{"start":{},"end":{}}],"line":272},"16":{"loc":{"start":{"line":273,"column":2},"end":{"line":273,"column":null}},"type":"if","locations":[{"start":{"line":273,"column":2},"end":{"line":273,"column":null}},{"start":{},"end":{}}],"line":273},"17":{"loc":{"start":{"line":276,"column":4},"end":{"line":278,"column":null}},"type":"binary-expr","locations":[{"start":{"line":276,"column":4},"end":{"line":278,"column":9}},{"start":{"line":278,"column":9},"end":{"line":278,"column":null}}],"line":276},"18":{"loc":{"start":{"line":280,"column":2},"end":{"line":280,"column":null}},"type":"if","locations":[{"start":{"line":280,"column":2},"end":{"line":280,"column":null}},{"start":{},"end":{}}],"line":280},"19":{"loc":{"start":{"line":285,"column":2},"end":{"line":290,"column":null}},"type":"if","locations":[{"start":{"line":285,"column":2},"end":{"line":290,"column":null}},{"start":{"line":288,"column":7},"end":{"line":290,"column":null}}],"line":285},"20":{"loc":{"start":{"line":286,"column":4},"end":{"line":286,"column":null}},"type":"if","locations":[{"start":{"line":286,"column":4},"end":{"line":286,"column":null}},{"start":{},"end":{}}],"line":286},"21":{"loc":{"start":{"line":289,"column":4},"end":{"line":289,"column":null}},"type":"if","locations":[{"start":{"line":289,"column":4},"end":{"line":289,"column":null}},{"start":{},"end":{}}],"line":289},"22":{"loc":{"start":{"line":8,"column":14},"end":{"line":8,"column":null}},"type":"binary-expr","locations":[{"start":{"line":8,"column":14},"end":{"line":8,"column":16}},{"start":{"line":8,"column":14},"end":{"line":8,"column":null}}],"line":8},"23":{"loc":{"start":{"line":19,"column":16},"end":{"line":19,"column":null}},"type":"binary-expr","locations":[{"start":{"line":19,"column":16},"end":{"line":19,"column":21}},{"start":{"line":19,"column":16},"end":{"line":19,"column":null}}],"line":19},"24":{"loc":{"start":{"line":33,"column":20},"end":{"line":33,"column":null}},"type":"binary-expr","locations":[{"start":{"line":33,"column":20},"end":{"line":33,"column":22}},{"start":{"line":33,"column":20},"end":{"line":33,"column":null}}],"line":33},"25":{"loc":{"start":{"line":49,"column":23},"end":{"line":49,"column":65}},"type":"cond-expr","locations":[{"start":{"line":49,"column":45},"end":{"line":49,"column":56}},{"start":{"line":49,"column":56},"end":{"line":49,"column":65}}],"line":49},"26":{"loc":{"start":{"line":54,"column":22},"end":{"line":53,"column":44}},"type":"binary-expr","locations":[{"start":{"line":54,"column":22},"end":{"line":54,"column":null}},{"start":{"line":54,"column":22},"end":{"line":53,"column":44}}],"line":54},"27":{"loc":{"start":{"line":53,"column":65},"end":{"line":53,"column":113}},"type":"cond-expr","locations":[{"start":{"line":53,"column":73},"end":{"line":53,"column":113}},{"start":{"line":53,"column":96},"end":{"line":53,"column":113}}],"line":53},"28":{"loc":{"start":{"line":56,"column":38},"end":{"line":56,"column":93}},"type":"cond-expr","locations":[{"start":{"line":56,"column":46},"end":{"line":56,"column":93}},{"start":{"line":56,"column":83},"end":{"line":56,"column":93}}],"line":56},"29":{"loc":{"start":{"line":57,"column":32},"end":{"line":57,"column":132}},"type":"cond-expr","locations":[{"start":{"line":57,"column":32},"end":{"line":57,"column":132}},{"start":{"line":57,"column":125},"end":{"line":57,"column":132}}],"line":57},"30":{"loc":{"start":{"line":65,"column":26},"end":{"line":68,"column":null}},"type":"cond-expr","locations":[{"start":{"line":65,"column":31},"end":{"line":68,"column":null}},{"start":{"line":68,"column":35},"end":{"line":68,"column":null}}],"line":65},"31":{"loc":{"start":{"line":82,"column":22},"end":{"line":78,"column":19}},"type":"binary-expr","locations":[{"start":{"line":82,"column":22},"end":{"line":82,"column":null}},{"start":{"line":82,"column":22},"end":{"line":78,"column":19}}],"line":82},"32":{"loc":{"start":{"line":111,"column":22},"end":{"line":88,"column":19}},"type":"binary-expr","locations":[{"start":{"line":111,"column":22},"end":{"line":111,"column":null}},{"start":{"line":111,"column":22},"end":{"line":88,"column":19}}],"line":111},"33":{"loc":{"start":{"line":90,"column":27},"end":{"line":92,"column":94}},"type":"cond-expr","locations":[{"start":{"line":90,"column":27},"end":{"line":92,"column":94}},{"start":{"line":92,"column":86},"end":{"line":92,"column":94}}],"line":90},"34":{"loc":{"start":{"line":93,"column":22},"end":{"line":91,"column":79}},"type":"binary-expr","locations":[{"start":{"line":93,"column":22},"end":{"line":93,"column":null}},{"start":{"line":93,"column":22},"end":{"line":91,"column":79}}],"line":93},"35":{"loc":{"start":{"line":97,"column":22},"end":{"line":95,"column":72}},"type":"binary-expr","locations":[{"start":{"line":97,"column":22},"end":{"line":97,"column":null}},{"start":{"line":97,"column":22},"end":{"line":95,"column":72}}],"line":97},"36":{"loc":{"start":{"line":96,"column":75},"end":{"line":96,"column":101}},"type":"binary-expr","locations":[{"start":{"line":96,"column":75},"end":{"line":96,"column":91}},{"start":{"line":96,"column":91},"end":{"line":96,"column":101}}],"line":96},"37":{"loc":{"start":{"line":101,"column":22},"end":{"line":99,"column":73}},"type":"binary-expr","locations":[{"start":{"line":101,"column":22},"end":{"line":101,"column":null}},{"start":{"line":101,"column":22},"end":{"line":99,"column":73}}],"line":101},"38":{"loc":{"start":{"line":100,"column":75},"end":{"line":100,"column":95}},"type":"binary-expr","locations":[{"start":{"line":100,"column":75},"end":{"line":100,"column":80}},{"start":{"line":100,"column":80},"end":{"line":100,"column":95}}],"line":100},"39":{"loc":{"start":{"line":105,"column":22},"end":{"line":103,"column":78}},"type":"binary-expr","locations":[{"start":{"line":105,"column":22},"end":{"line":105,"column":null}},{"start":{"line":105,"column":22},"end":{"line":103,"column":78}}],"line":105},"40":{"loc":{"start":{"line":109,"column":22},"end":{"line":107,"column":73}},"type":"binary-expr","locations":[{"start":{"line":109,"column":22},"end":{"line":109,"column":null}},{"start":{"line":109,"column":22},"end":{"line":107,"column":73}}],"line":109},"41":{"loc":{"start":{"line":158,"column":22},"end":{"line":117,"column":19}},"type":"binary-expr","locations":[{"start":{"line":158,"column":22},"end":{"line":158,"column":null}},{"start":{"line":158,"column":22},"end":{"line":117,"column":19}}],"line":158},"42":{"loc":{"start":{"line":121,"column":26},"end":{"line":121,"column":null}},"type":"cond-expr","locations":[{"start":{"line":121,"column":34},"end":{"line":121,"column":75}},{"start":{"line":121,"column":34},"end":{"line":121,"column":null}}],"line":121},"43":{"loc":{"start":{"line":129,"column":26},"end":{"line":129,"column":null}},"type":"cond-expr","locations":[{"start":{"line":129,"column":41},"end":{"line":129,"column":null}},{"start":{"line":129,"column":41},"end":{"line":129,"column":null}}],"line":129},"44":{"loc":{"start":{"line":133,"column":26},"end":{"line":133,"column":null}},"type":"cond-expr","locations":[{"start":{"line":133,"column":34},"end":{"line":133,"column":null}},{"start":{"line":133,"column":34},"end":{"line":133,"column":null}}],"line":133},"45":{"loc":{"start":{"line":137,"column":26},"end":{"line":137,"column":null}},"type":"cond-expr","locations":[{"start":{"line":137,"column":38},"end":{"line":137,"column":null}},{"start":{"line":137,"column":38},"end":{"line":137,"column":null}}],"line":137},"46":{"loc":{"start":{"line":141,"column":26},"end":{"line":141,"column":null}},"type":"cond-expr","locations":[{"start":{"line":141,"column":46},"end":{"line":141,"column":null}},{"start":{"line":141,"column":46},"end":{"line":141,"column":null}}],"line":141},"47":{"loc":{"start":{"line":146,"column":25},"end":{"line":154,"column":null}},"type":"cond-expr","locations":[{"start":{"line":146,"column":49},"end":{"line":154,"column":null}}],"line":146},"48":{"loc":{"start":{"line":157,"column":20},"end":{"line":147,"column":106}},"type":"binary-expr","locations":[{"start":{"line":157,"column":20},"end":{"line":157,"column":null}},{"start":{"line":157,"column":20},"end":{"line":147,"column":106}}],"line":157}},"s":{"0":1,"1":48,"2":48,"3":8,"4":8,"5":8,"6":8,"7":8,"8":8,"9":8,"10":8,"11":8,"12":8,"13":8,"14":88,"15":88,"16":137,"17":11,"18":126,"19":77,"20":8,"21":8,"22":8,"23":8,"24":8,"25":8,"26":8,"27":8,"28":8,"29":8,"30":8,"31":8,"32":8,"33":8,"34":8,"35":8,"36":8,"37":8,"38":8,"39":8,"40":8,"41":8,"42":8,"43":8,"44":1,"45":7,"46":56,"47":0,"48":8,"49":8,"50":8,"51":8,"52":8,"53":8,"54":8,"55":8,"56":8,"57":8,"58":8,"59":1,"60":1,"61":1,"62":0,"63":0,"64":0,"65":1,"66":0,"67":0,"68":0,"69":0,"70":0,"71":0,"72":0,"73":0,"74":0,"75":0,"76":1,"77":1,"78":1,"79":1,"80":1,"81":1,"82":1,"83":1,"84":1,"85":1,"86":1,"87":1,"88":1,"89":1,"90":1,"91":1,"92":1,"93":1,"94":1,"95":1,"96":8,"97":0,"98":1,"99":0},"f":{"0":48,"1":48,"2":8,"3":8,"4":8,"5":8,"6":8,"7":88,"8":8,"9":8,"10":8,"11":8,"12":8,"13":8,"14":8,"15":8,"16":8,"17":8,"18":8,"19":56,"20":0,"21":8,"22":8,"23":8,"24":1,"25":0,"26":1,"27":1,"28":0},"b":{"0":[47,1],"1":[47,1],"2":[11,126],"3":[137,126],"4":[8,1],"5":[8,1],"6":[8,1],"7":[8,1,0],"8":[8,1],"9":[8,1],"10":[8,1],"11":[8,1],"12":[8,1],"13":[8,1],"14":[1,7],"15":[1,0],"16":[0,0],"17":[0,0],"18":[0,1],"19":[0,0],"20":[0,0],"21":[0,0],"22":[8,8],"23":[8,8],"24":[8,8],"25":[7,1],"26":[8,8],"27":[7,1],"28":[7,1],"29":[7,1],"30":[0,8],"31":[8,8],"32":[8,8],"33":[8,0],"34":[8,8],"35":[8,8],"36":[8,0],"37":[8,8],"38":[8,1],"39":[8,8],"40":[8,8],"41":[8,8],"42":[7,1],"43":[0,8],"44":[0,8],"45":[0,8],"46":[0,8],"47":[0],"48":[0,0]},"meta":{"lastBranch":49,"lastFunction":29,"lastStatement":100,"seen":{"s:170:6:189:Infinity":0,"f:172:2:172:8":0,"s:173:4:187:Infinity":1,"f:173:11:173:17":1,"s:173:11:187:Infinity":2,"b:176:12:176:Infinity:177:12:177:Infinity":0,"b:181:16:182:Infinity:182:195:183:Infinity":1,"s:199:14:199:Infinity":3,"s:206:13:206:Infinity":4,"s:210:6:210:Infinity":5,"f:210:28:210:34":2,"s:210:34:210:86":6,"f:210:53:210:58":3,"s:210:58:210:85":7,"s:211:6:211:Infinity":8,"f:211:23:211:29":4,"s:211:29:211:69":9,"s:212:6:212:Infinity":10,"f:212:25:212:31":5,"s:212:31:212:72":11,"s:213:6:213:Infinity":12,"f:213:30:213:36":6,"s:213:30:213:77":13,"f:215:9:215:16":7,"s:216:24:216:Infinity":14,"s:217:2:220:Infinity":15,"b:218:4:218:Infinity:undefined:undefined:undefined:undefined":2,"s:218:4:218:Infinity":16,"b:218:8:218:38:218:38:218:55":3,"s:218:55:218:Infinity":17,"s:219:4:219:Infinity":18,"s:221:2:221:Infinity":19,"s:224:6:224:Infinity":20,"f:224:23:224:29":8,"s:224:29:224:57":21,"b:224:29:224:55:224:55:224:57":4,"s:225:6:225:Infinity":22,"f:225:23:225:29":9,"s:225:29:225:63":23,"b:225:29:225:55:225:55:225:63":5,"s:226:6:226:Infinity":24,"f:226:28:226:34":10,"s:226:34:226:68":25,"b:226:34:226:65:226:65:226:68":6,"s:227:6:227:Infinity":26,"f:227:29:227:35":11,"s:227:35:227:92":27,"b:227:35:227:57:227:57:227:90:227:90:227:92":7,"s:228:6:228:Infinity":28,"f:228:26:228:32":12,"s:228:32:228:84":29,"b:228:32:228:75:228:75:228:84":8,"s:229:6:229:Infinity":30,"f:229:25:229:31":13,"s:229:31:229:72":31,"b:229:31:229:63:229:63:229:72":9,"s:230:6:230:Infinity":32,"f:230:33:230:39":14,"s:230:39:230:86":33,"b:230:39:230:81:230:81:230:86":10,"s:231:6:231:Infinity":34,"f:231:26:231:32":15,"s:231:32:231:68":35,"b:231:32:231:63:231:63:231:68":11,"s:232:6:232:Infinity":36,"f:232:38:232:44":16,"s:232:44:232:96":37,"b:232:44:232:91:232:91:232:96":12,"s:233:6:233:Infinity":38,"f:233:30:233:36":17,"s:233:36:233:80":39,"b:233:36:233:75:233:75:233:80":13,"s:240:61:244:Infinity":40,"s:246:6:252:Infinity":41,"f:246:45:246:51":18,"s:247:13:247:Infinity":42,"b:248:2:248:Infinity:undefined:undefined:undefined:undefined":14,"s:248:2:248:Infinity":43,"s:248:11:248:Infinity":44,"s:249:2:251:Infinity":45,"f:250:12:250:13":19,"s:250:23:250:24":46,"f:251:9:251:10":20,"s:251:18:251:39":47,"s:256:6:256:Infinity":48,"s:257:6:257:Infinity":49,"s:258:6:258:Infinity":50,"s:260:0:264:Infinity":51,"f:260:10:260:16":21,"s:261:2:261:Infinity":52,"s:262:2:262:Infinity":53,"f:262:11:262:17":22,"s:262:17:262:43":54,"s:263:2:263:Infinity":55,"s:266:0:269:Infinity":56,"f:266:12:266:18":23,"s:267:2:267:Infinity":57,"s:268:2:268:Infinity":58,"f:271:9:271:23":24,"b:272:2:272:Infinity:undefined:undefined:undefined:undefined":15,"s:272:2:272:Infinity":59,"s:272:28:272:43":60,"s:272:43:272:50":61,"b:273:2:273:Infinity:undefined:undefined:undefined:undefined":16,"s:273:2:273:Infinity":62,"s:273:23:273:Infinity":63,"s:275:20:279:Infinity":64,"b:276:4:278:9:278:9:278:Infinity":17,"b:280:2:280:Infinity:undefined:undefined:undefined:undefined":18,"s:280:2:280:Infinity":65,"s:280:30:280:Infinity":66,"s:282:16:282:Infinity":67,"s:283:15:283:Infinity":68,"b:285:2:290:Infinity:288:7:290:Infinity":19,"s:285:2:290:Infinity":69,"b:286:4:286:Infinity:undefined:undefined:undefined:undefined":20,"s:286:4:286:Infinity":70,"s:286:44:286:64":71,"s:286:64:286:77":72,"b:289:4:289:Infinity:undefined:undefined:undefined:undefined":21,"s:289:4:289:Infinity":73,"s:289:43:289:63":74,"s:289:63:289:77":75,"s:3:9:3:Infinity":76,"s:12:11:12:Infinity":77,"s:22:15:22:Infinity":78,"s:42:15:42:Infinity":79,"s:46:19:46:Infinity":80,"s:48:21:48:Infinity":81,"s:50:26:50:95":82,"s:52:21:52:75":83,"s:53:44:53:65":84,"s:55:21:55:70":85,"s:61:21:61:Infinity":86,"s:79:19:79:Infinity":87,"s:89:18:89:Infinity":88,"s:92:22:92:75":89,"s:96:22:96:75":90,"s:100:22:100:75":91,"s:104:22:104:75":92,"s:108:22:108:86":93,"s:118:19:118:Infinity":94,"s:148:21:148:Infinity":95,"s:2:2:154:Infinity":96,"b:8:14:8:16:8:14:8:Infinity":22,"f:8:14:8:16":25,"s:8:16:8:Infinity":97,"b:19:16:19:21:19:16:19:Infinity":23,"f:19:10:19:11":26,"b:33:20:33:22:33:20:33:Infinity":24,"f:33:20:33:22":27,"s:33:22:33:Infinity":98,"b:49:45:49:56:49:56:49:65":25,"b:54:22:54:Infinity:54:22:53:44":26,"b:53:73:53:113:53:96:53:113":27,"b:56:46:56:93:56:83:56:93":28,"b:57:32:57:132:57:125:57:132":29,"b:65:31:68:Infinity:68:35:68:Infinity":30,"b:82:22:82:Infinity:82:22:78:19":31,"b:111:22:111:Infinity:111:22:88:19":32,"b:90:27:92:94:92:86:92:94":33,"b:93:22:93:Infinity:93:22:91:79":34,"b:97:22:97:Infinity:97:22:95:72":35,"b:96:75:96:91:96:91:96:101":36,"b:101:22:101:Infinity:101:22:99:73":37,"b:100:75:100:80:100:80:100:95":38,"b:105:22:105:Infinity:105:22:103:78":39,"b:109:22:109:Infinity:109:22:107:73":40,"b:158:22:158:Infinity:158:22:117:19":41,"b:121:34:121:75:121:34:121:Infinity":42,"b:129:41:129:Infinity:129:41:129:Infinity":43,"b:133:34:133:Infinity:133:34:133:Infinity":44,"b:137:38:137:Infinity:137:38:137:Infinity":45,"b:141:46:141:Infinity:141:46:141:Infinity":46,"b:146:49:154:Infinity":47,"b:157:20:157:Infinity:157:20:147:106":48,"f:150:52:150:Infinity":28,"s:149:18:154:Infinity":99}}}
,"/Users/david.cubler/toy/sel/sel-dashboard/app/components/SymbolHistoryChart.vue": {"path":"/Users/david.cubler/toy/sel/sel-dashboard/app/components/SymbolHistoryChart.vue","statementMap":{"0":{"start":{"line":29,"column":0},"end":{"line":29,"column":null}},"1":{"start":{"line":31,"column":14},"end":{"line":31,"column":null}},"2":{"start":{"line":33,"column":6},"end":{"line":33,"column":null}},"3":{"start":{"line":34,"column":34},"end":{"line":34,"column":null}},"4":{"start":{"line":36,"column":6},"end":{"line":36,"column":null}},"5":{"start":{"line":36,"column":34},"end":{"line":36,"column":65}},"6":{"start":{"line":37,"column":6},"end":{"line":37,"column":null}},"7":{"start":{"line":37,"column":37},"end":{"line":37,"column":65}},"8":{"start":{"line":40,"column":2},"end":{"line":43,"column":null}},"9":{"start":{"line":48,"column":15},"end":{"line":48,"column":null}},"10":{"start":{"line":49,"column":2},"end":{"line":54,"column":null}},"11":{"start":{"line":58,"column":2},"end":{"line":58,"column":null}},"12":{"start":{"line":58,"column":55},"end":{"line":58,"column":null}},"13":{"start":{"line":60,"column":17},"end":{"line":60,"column":null}},"14":{"start":{"line":61,"column":17},"end":{"line":61,"column":null}},"15":{"start":{"line":63,"column":2},"end":{"line":101,"column":null}},"16":{"start":{"line":66,"column":30},"end":{"line":66,"column":45}},"17":{"start":{"line":68,"column":30},"end":{"line":68,"column":37}},"18":{"start":{"line":86,"column":26},"end":{"line":86,"column":null}},"19":{"start":{"line":105,"column":0},"end":{"line":121,"column":null}},"20":{"start":{"line":108,"column":4},"end":{"line":108,"column":null}},"21":{"start":{"line":108,"column":27},"end":{"line":108,"column":null}},"22":{"start":{"line":110,"column":4},"end":{"line":113,"column":null}},"23":{"start":{"line":111,"column":6},"end":{"line":111,"column":null}},"24":{"start":{"line":112,"column":6},"end":{"line":112,"column":null}},"25":{"start":{"line":116,"column":4},"end":{"line":116,"column":null}},"26":{"start":{"line":116,"column":48},"end":{"line":116,"column":63}},"27":{"start":{"line":117,"column":4},"end":{"line":117,"column":null}},"28":{"start":{"line":117,"column":59},"end":{"line":117,"column":66}},"29":{"start":{"line":118,"column":4},"end":{"line":118,"column":null}},"30":{"start":{"line":123,"column":0},"end":{"line":125,"column":null}},"31":{"start":{"line":124,"column":2},"end":{"line":124,"column":null}},"32":{"start":{"line":124,"column":27},"end":{"line":124,"column":null}},"33":{"start":{"line":128,"column":0},"end":{"line":131,"column":null}},"34":{"start":{"line":129,"column":2},"end":{"line":129,"column":null}},"35":{"start":{"line":130,"column":2},"end":{"line":130,"column":null}},"36":{"start":{"line":2,"column":7},"end":{"line":2,"column":null}},"37":{"start":{"line":3,"column":35},"end":{"line":3,"column":53}},"38":{"start":{"line":2,"column":2},"end":{"line":11,"column":86}}},"fnMap":{"0":{"name":"(anonymous_0)","decl":{"start":{"line":36,"column":28},"end":{"line":36,"column":34}},"loc":{"start":{"line":36,"column":34},"end":{"line":36,"column":65}},"line":36},"1":{"name":"(anonymous_1)","decl":{"start":{"line":37,"column":31},"end":{"line":37,"column":37}},"loc":{"start":{"line":37,"column":37},"end":{"line":37,"column":65}},"line":37},"2":{"name":"isDarkMode","decl":{"start":{"line":39,"column":9},"end":{"line":39,"column":31}},"loc":{"start":{"line":39,"column":31},"end":{"line":45,"column":null}},"line":39},"3":{"name":"chartColors","decl":{"start":{"line":47,"column":9},"end":{"line":47,"column":23}},"loc":{"start":{"line":47,"column":23},"end":{"line":55,"column":null}},"line":47},"4":{"name":"createChart","decl":{"start":{"line":57,"column":9},"end":{"line":57,"column":29}},"loc":{"start":{"line":57,"column":29},"end":{"line":102,"column":null}},"line":57},"5":{"name":"(anonymous_5)","decl":{"start":{"line":66,"column":25},"end":{"line":66,"column":30}},"loc":{"start":{"line":66,"column":30},"end":{"line":66,"column":45}},"line":66},"6":{"name":"(anonymous_6)","decl":{"start":{"line":68,"column":25},"end":{"line":68,"column":30}},"loc":{"start":{"line":68,"column":30},"end":{"line":68,"column":37}},"line":68},"7":{"name":"(anonymous_7)","decl":{"start":{"line":86,"column":19},"end":{"line":86,"column":26}},"loc":{"start":{"line":86,"column":26},"end":{"line":86,"column":null}},"line":86},"8":{"name":"(anonymous_8)","decl":{"start":{"line":107,"column":2},"end":{"line":107,"column":3}},"loc":{"start":{"line":107,"column":14},"end":{"line":119,"column":null}},"line":107},"9":{"name":"(anonymous_9)","decl":{"start":{"line":116,"column":43},"end":{"line":116,"column":48}},"loc":{"start":{"line":116,"column":48},"end":{"line":116,"column":63}},"line":116},"10":{"name":"(anonymous_10)","decl":{"start":{"line":117,"column":54},"end":{"line":117,"column":59}},"loc":{"start":{"line":117,"column":59},"end":{"line":117,"column":66}},"line":117},"11":{"name":"(anonymous_11)","decl":{"start":{"line":123,"column":10},"end":{"line":123,"column":16}},"loc":{"start":{"line":123,"column":16},"end":{"line":125,"column":1}},"line":123},"12":{"name":"(anonymous_12)","decl":{"start":{"line":128,"column":12},"end":{"line":128,"column":18}},"loc":{"start":{"line":128,"column":18},"end":{"line":131,"column":1}},"line":128}},"branchMap":{"0":{"loc":{"start":{"line":36,"column":34},"end":{"line":36,"column":65}},"type":"binary-expr","locations":[{"start":{"line":36,"column":34},"end":{"line":36,"column":63}},{"start":{"line":36,"column":63},"end":{"line":36,"column":65}}],"line":36},"1":{"loc":{"start":{"line":41,"column":4},"end":{"line":43,"column":null}},"type":"binary-expr","locations":[{"start":{"line":41,"column":4},"end":{"line":41,"column":null}},{"start":{"line":42,"column":8},"end":{"line":42,"column":null}},{"start":{"line":43,"column":9},"end":{"line":43,"column":null}}],"line":41},"2":{"loc":{"start":{"line":50,"column":10},"end":{"line":50,"column":null}},"type":"cond-expr","locations":[{"start":{"line":50,"column":17},"end":{"line":50,"column":29}},{"start":{"line":50,"column":29},"end":{"line":50,"column":null}}],"line":50},"3":{"loc":{"start":{"line":51,"column":10},"end":{"line":51,"column":null}},"type":"cond-expr","locations":[{"start":{"line":51,"column":17},"end":{"line":51,"column":45}},{"start":{"line":51,"column":45},"end":{"line":51,"column":null}}],"line":51},"4":{"loc":{"start":{"line":52,"column":10},"end":{"line":52,"column":null}},"type":"cond-expr","locations":[{"start":{"line":52,"column":17},"end":{"line":52,"column":29}},{"start":{"line":52,"column":29},"end":{"line":52,"column":null}}],"line":52},"5":{"loc":{"start":{"line":53,"column":10},"end":{"line":53,"column":null}},"type":"cond-expr","locations":[{"start":{"line":53,"column":17},"end":{"line":53,"column":29}},{"start":{"line":53,"column":29},"end":{"line":53,"column":null}}],"line":53},"6":{"loc":{"start":{"line":58,"column":2},"end":{"line":58,"column":null}},"type":"if","locations":[{"start":{"line":58,"column":2},"end":{"line":58,"column":null}},{"start":{},"end":{}}],"line":58},"7":{"loc":{"start":{"line":58,"column":6},"end":{"line":58,"column":55}},"type":"binary-expr","locations":[{"start":{"line":58,"column":6},"end":{"line":58,"column":26}},{"start":{"line":58,"column":26},"end":{"line":58,"column":55}}],"line":58},"8":{"loc":{"start":{"line":108,"column":4},"end":{"line":108,"column":null}},"type":"if","locations":[{"start":{"line":108,"column":4},"end":{"line":108,"column":null}},{"start":{},"end":{}}],"line":108},"9":{"loc":{"start":{"line":110,"column":4},"end":{"line":113,"column":null}},"type":"if","locations":[{"start":{"line":110,"column":4},"end":{"line":113,"column":null}},{"start":{},"end":{}}],"line":110},"10":{"loc":{"start":{"line":124,"column":2},"end":{"line":124,"column":null}},"type":"if","locations":[{"start":{"line":124,"column":2},"end":{"line":124,"column":null}},{"start":{},"end":{}}],"line":124},"11":{"loc":{"start":{"line":5,"column":13},"end":{"line":11,"column":86}},"type":"cond-expr","locations":[{"start":{"line":5,"column":13},"end":{"line":11,"column":86}},{"start":{"line":11,"column":79},"end":{"line":11,"column":86}}],"line":5},"12":{"loc":{"start":{"line":12,"column":10},"end":{"line":9,"column":165}},"type":"binary-expr","locations":[{"start":{"line":12,"column":10},"end":{"line":12,"column":null}},{"start":{"line":12,"column":10},"end":{"line":9,"column":165}}],"line":12}},"s":{"0":16,"1":16,"2":16,"3":16,"4":16,"5":17,"6":16,"7":17,"8":4,"9":4,"10":4,"11":4,"12":0,"13":4,"14":4,"15":4,"16":18,"17":18,"18":0,"19":16,"20":1,"21":0,"22":1,"23":0,"24":0,"25":1,"26":4,"27":1,"28":4,"29":1,"30":16,"31":16,"32":4,"33":16,"34":9,"35":9,"36":2,"37":2,"38":17},"f":{"0":17,"1":17,"2":4,"3":4,"4":4,"5":18,"6":18,"7":0,"8":1,"9":4,"10":4,"11":16,"12":9},"b":{"0":[17,1],"1":[4,4,4],"2":[0,4],"3":[0,4],"4":[0,4],"5":[0,4],"6":[0,4],"7":[4,4],"8":[0,1],"9":[0,1],"10":[4,12],"11":[12,5],"12":[12,12]},"meta":{"lastBranch":13,"lastFunction":13,"lastStatement":39,"seen":{"s:29:0:29:Infinity":0,"s:31:14:31:Infinity":1,"s:33:6:33:Infinity":2,"s:34:34:34:Infinity":3,"s:36:6:36:Infinity":4,"f:36:28:36:34":0,"s:36:34:36:65":5,"b:36:34:36:63:36:63:36:65":0,"s:37:6:37:Infinity":6,"f:37:31:37:37":1,"s:37:37:37:65":7,"f:39:9:39:31":2,"s:40:2:43:Infinity":8,"b:41:4:41:Infinity:42:8:42:Infinity:43:9:43:Infinity":1,"f:47:9:47:23":3,"s:48:15:48:Infinity":9,"s:49:2:54:Infinity":10,"b:50:17:50:29:50:29:50:Infinity":2,"b:51:17:51:45:51:45:51:Infinity":3,"b:52:17:52:29:52:29:52:Infinity":4,"b:53:17:53:29:53:29:53:Infinity":5,"f:57:9:57:29":4,"b:58:2:58:Infinity:undefined:undefined:undefined:undefined":6,"s:58:2:58:Infinity":11,"b:58:6:58:26:58:26:58:55":7,"s:58:55:58:Infinity":12,"s:60:17:60:Infinity":13,"s:61:17:61:Infinity":14,"s:63:2:101:Infinity":15,"f:66:25:66:30":5,"s:66:30:66:45":16,"f:68:25:68:30":6,"s:68:30:68:37":17,"f:86:19:86:26":7,"s:86:26:86:Infinity":18,"s:105:0:121:Infinity":19,"f:107:2:107:3":8,"b:108:4:108:Infinity:undefined:undefined:undefined:undefined":8,"s:108:4:108:Infinity":20,"s:108:27:108:Infinity":21,"b:110:4:113:Infinity:undefined:undefined:undefined:undefined":9,"s:110:4:113:Infinity":22,"s:111:6:111:Infinity":23,"s:112:6:112:Infinity":24,"s:116:4:116:Infinity":25,"f:116:43:116:48":9,"s:116:48:116:63":26,"s:117:4:117:Infinity":27,"f:117:54:117:59":10,"s:117:59:117:66":28,"s:118:4:118:Infinity":29,"s:123:0:125:Infinity":30,"f:123:10:123:16":11,"b:124:2:124:Infinity:undefined:undefined:undefined:undefined":10,"s:124:2:124:Infinity":31,"s:124:27:124:Infinity":32,"s:128:0:131:Infinity":33,"f:128:12:128:18":12,"s:129:2:129:Infinity":34,"s:130:2:130:Infinity":35,"s:2:7:2:Infinity":36,"s:3:35:3:53":37,"s:2:2:11:86":38,"b:5:13:11:86:11:79:11:86":11,"b:12:10:12:Infinity:12:10:9:165":12}}}
,"/Users/david.cubler/toy/sel/sel-dashboard/app/components/SymbolTable.vue": {"path":"/Users/david.cubler/toy/sel/sel-dashboard/app/components/SymbolTable.vue","statementMap":{"0":{"start":{"line":173,"column":14},"end":{"line":173,"column":null}},"1":{"start":{"line":182,"column":6},"end":{"line":182,"column":null}},"2":{"start":{"line":183,"column":6},"end":{"line":183,"column":null}},"3":{"start":{"line":184,"column":58},"end":{"line":184,"column":null}},"4":{"start":{"line":186,"column":0},"end":{"line":192,"column":null}},"5":{"start":{"line":187,"column":2},"end":{"line":187,"column":null}},"6":{"start":{"line":187,"column":21},"end":{"line":187,"column":null}},"7":{"start":{"line":188,"column":2},"end":{"line":191,"column":null}},"8":{"start":{"line":189,"column":4},"end":{"line":189,"column":null}},"9":{"start":{"line":190,"column":4},"end":{"line":190,"column":null}},"10":{"start":{"line":197,"column":6},"end":{"line":197,"column":null}},"11":{"start":{"line":198,"column":6},"end":{"line":198,"column":null}},"12":{"start":{"line":201,"column":2},"end":{"line":207,"column":null}},"13":{"start":{"line":202,"column":4},"end":{"line":202,"column":null}},"14":{"start":{"line":205,"column":4},"end":{"line":205,"column":null}},"15":{"start":{"line":206,"column":4},"end":{"line":206,"column":null}},"16":{"start":{"line":208,"column":2},"end":{"line":208,"column":null}},"17":{"start":{"line":212,"column":2},"end":{"line":212,"column":null}},"18":{"start":{"line":212,"column":32},"end":{"line":212,"column":null}},"19":{"start":{"line":213,"column":2},"end":{"line":213,"column":null}},"20":{"start":{"line":220,"column":6},"end":{"line":243,"column":null}},"21":{"start":{"line":221,"column":16},"end":{"line":221,"column":null}},"22":{"start":{"line":223,"column":25},"end":{"line":225,"column":null}},"23":{"start":{"line":224,"column":17},"end":{"line":224,"column":53}},"24":{"start":{"line":225,"column":15},"end":{"line":225,"column":68}},"25":{"start":{"line":227,"column":2},"end":{"line":240,"column":null}},"26":{"start":{"line":228,"column":4},"end":{"line":232,"column":null}},"27":{"start":{"line":229,"column":6},"end":{"line":231,"column":null}},"28":{"start":{"line":233,"column":2},"end":{"line":240,"column":null}},"29":{"start":{"line":235,"column":4},"end":{"line":239,"column":null}},"30":{"start":{"line":236,"column":17},"end":{"line":236,"column":null}},"31":{"start":{"line":237,"column":17},"end":{"line":237,"column":null}},"32":{"start":{"line":238,"column":6},"end":{"line":238,"column":null}},"33":{"start":{"line":242,"column":2},"end":{"line":242,"column":null}},"34":{"start":{"line":247,"column":6},"end":{"line":247,"column":null}},"35":{"start":{"line":248,"column":6},"end":{"line":248,"column":null}},"36":{"start":{"line":250,"column":6},"end":{"line":250,"column":null}},"37":{"start":{"line":250,"column":34},"end":{"line":250,"column":105}},"38":{"start":{"line":253,"column":0},"end":{"line":255,"column":null}},"39":{"start":{"line":254,"column":2},"end":{"line":254,"column":null}},"40":{"start":{"line":254,"column":33},"end":{"line":254,"column":null}},"41":{"start":{"line":257,"column":6},"end":{"line":260,"column":null}},"42":{"start":{"line":258,"column":8},"end":{"line":258,"column":null}},"43":{"start":{"line":259,"column":2},"end":{"line":259,"column":null}},"44":{"start":{"line":263,"column":6},"end":{"line":270,"column":null}},"45":{"start":{"line":264,"column":16},"end":{"line":264,"column":null}},"46":{"start":{"line":265,"column":2},"end":{"line":265,"column":null}},"47":{"start":{"line":265,"column":18},"end":{"line":265,"column":null}},"48":{"start":{"line":266,"column":21},"end":{"line":266,"column":null}},"49":{"start":{"line":267,"column":16},"end":{"line":267,"column":null}},"50":{"start":{"line":268,"column":14},"end":{"line":268,"column":null}},"51":{"start":{"line":269,"column":2},"end":{"line":269,"column":null}},"52":{"start":{"line":269,"column":59},"end":{"line":269,"column":68}},"53":{"start":{"line":275,"column":2},"end":{"line":275,"column":null}},"54":{"start":{"line":279,"column":2},"end":{"line":282,"column":null}},"55":{"start":{"line":280,"column":37},"end":{"line":280,"column":45}},"56":{"start":{"line":2,"column":7},"end":{"line":2,"column":null}},"57":{"start":{"line":5,"column":9},"end":{"line":5,"column":null}},"58":{"start":{"line":6,"column":11},"end":{"line":6,"column":null}},"59":{"start":{"line":32,"column":9},"end":{"line":32,"column":null}},"60":{"start":{"line":33,"column":13},"end":{"line":33,"column":null}},"61":{"start":{"line":34,"column":15},"end":{"line":34,"column":null}},"62":{"start":{"line":60,"column":15},"end":{"line":60,"column":null}},"63":{"start":{"line":80,"column":16},"end":{"line":80,"column":null}},"64":{"start":{"line":83,"column":16},"end":{"line":83,"column":null}},"65":{"start":{"line":86,"column":16},"end":{"line":86,"column":null}},"66":{"start":{"line":89,"column":16},"end":{"line":89,"column":null}},"67":{"start":{"line":92,"column":16},"end":{"line":92,"column":null}},"68":{"start":{"line":95,"column":16},"end":{"line":95,"column":null}},"69":{"start":{"line":98,"column":16},"end":{"line":98,"column":null}},"70":{"start":{"line":112,"column":9},"end":{"line":112,"column":null}},"71":{"start":{"line":117,"column":11},"end":{"line":117,"column":null}},"72":{"start":{"line":2,"column":2},"end":{"line":153,"column":null}},"73":{"start":{"line":15,"column":19},"end":{"line":15,"column":null}},"74":{"start":{"line":39,"column":22},"end":{"line":39,"column":null}},"75":{"start":{"line":47,"column":22},"end":{"line":47,"column":null}},"76":{"start":{"line":72,"column":10},"end":{"line":104,"column":23}},"77":{"start":{"line":77,"column":20},"end":{"line":77,"column":null}},"78":{"start":{"line":78,"column":36},"end":{"line":78,"column":null}},"79":{"start":{"line":101,"column":29},"end":{"line":101,"column":null}},"80":{"start":{"line":123,"column":18},"end":{"line":123,"column":null}},"81":{"start":{"line":129,"column":8},"end":{"line":138,"column":null}},"82":{"start":{"line":136,"column":18},"end":{"line":136,"column":null}},"83":{"start":{"line":146,"column":18},"end":{"line":146,"column":null}},"84":{"start":{"line":153,"column":26},"end":{"line":153,"column":35}}},"fnMap":{"0":{"name":"(anonymous_0)","decl":{"start":{"line":186,"column":19},"end":{"line":186,"column":20}},"loc":{"start":{"line":186,"column":28},"end":{"line":192,"column":1}},"line":186},"1":{"name":"(anonymous_1)","decl":{"start":{"line":188,"column":29},"end":{"line":188,"column":35}},"loc":{"start":{"line":188,"column":35},"end":{"line":191,"column":5}},"line":188},"2":{"name":"toggleSort","decl":{"start":{"line":200,"column":9},"end":{"line":200,"column":20}},"loc":{"start":{"line":200,"column":37},"end":{"line":209,"column":null}},"line":200},"3":{"name":"sortIndicator","decl":{"start":{"line":211,"column":9},"end":{"line":211,"column":23}},"loc":{"start":{"line":211,"column":48},"end":{"line":214,"column":null}},"line":211},"4":{"name":"(anonymous_4)","decl":{"start":{"line":220,"column":47},"end":{"line":220,"column":53}},"loc":{"start":{"line":220,"column":53},"end":{"line":243,"column":1}},"line":220},"5":{"name":"(anonymous_5)","decl":{"start":{"line":224,"column":12},"end":{"line":224,"column":17}},"loc":{"start":{"line":224,"column":17},"end":{"line":224,"column":53}},"line":224},"6":{"name":"(anonymous_6)","decl":{"start":{"line":225,"column":9},"end":{"line":225,"column":15}},"loc":{"start":{"line":225,"column":15},"end":{"line":225,"column":68}},"line":225},"7":{"name":"(anonymous_7)","decl":{"start":{"line":228,"column":21},"end":{"line":228,"column":22}},"loc":{"start":{"line":229,"column":6},"end":{"line":231,"column":null}},"line":229},"8":{"name":"(anonymous_8)","decl":{"start":{"line":235,"column":21},"end":{"line":235,"column":22}},"loc":{"start":{"line":235,"column":31},"end":{"line":239,"column":5}},"line":235},"9":{"name":"(anonymous_9)","decl":{"start":{"line":250,"column":28},"end":{"line":250,"column":34}},"loc":{"start":{"line":250,"column":34},"end":{"line":250,"column":105}},"line":250},"10":{"name":"(anonymous_10)","decl":{"start":{"line":253,"column":18},"end":{"line":253,"column":19}},"loc":{"start":{"line":253,"column":29},"end":{"line":255,"column":1}},"line":253},"11":{"name":"(anonymous_11)","decl":{"start":{"line":257,"column":31},"end":{"line":257,"column":37}},"loc":{"start":{"line":257,"column":37},"end":{"line":260,"column":1}},"line":257},"12":{"name":"(anonymous_12)","decl":{"start":{"line":263,"column":30},"end":{"line":263,"column":36}},"loc":{"start":{"line":263,"column":36},"end":{"line":270,"column":1}},"line":263},"13":{"name":"(anonymous_13)","decl":{"start":{"line":269,"column":49},"end":{"line":269,"column":50}},"loc":{"start":{"line":269,"column":59},"end":{"line":269,"column":68}},"line":269},"14":{"name":"getUnits","decl":{"start":{"line":274,"column":9},"end":{"line":274,"column":18}},"loc":{"start":{"line":274,"column":58},"end":{"line":276,"column":null}},"line":274},"15":{"name":"handleExport","decl":{"start":{"line":278,"column":9},"end":{"line":278,"column":24}},"loc":{"start":{"line":278,"column":24},"end":{"line":283,"column":null}},"line":278},"16":{"name":"(anonymous_16)","decl":{"start":{"line":280,"column":32},"end":{"line":280,"column":37}},"loc":{"start":{"line":280,"column":37},"end":{"line":280,"column":45}},"line":280},"17":{"name":"(anonymous_17)","decl":{"start":{"line":20,"column":10},"end":{"line":20,"column":null}},"loc":{"start":{"line":15,"column":19},"end":{"line":15,"column":null}},"line":15},"18":{"name":"(anonymous_18)","decl":{"start":{"line":39,"column":20},"end":{"line":39,"col
[...]
,"/Users/david.cubler/toy/sel/sel-dashboard/app/stores/symbols.ts": {"path":"/Users/david.cubler/toy/sel/sel-dashboard/app/stores/symbols.ts","statementMap":{"0":{"start":{"line":14,"column":27},"end":{"line":14,"column":null}},"1":{"start":{"line":15,"column":23},"end":{"line":15,"column":null}},"2":{"start":{"line":17,"column":13},"end":{"line":126,"column":null}},"3":{"start":{"line":18,"column":8},"end":{"line":18,"column":null}},"4":{"start":{"line":21,"column":8},"end":{"line":21,"column":null}},"5":{"start":{"line":22,"column":8},"end":{"line":22,"column":null}},"6":{"start":{"line":24,"column":8},"end":{"line":24,"column":null}},"7":{"start":{"line":25,"column":8},"end":{"line":25,"column":null}},"8":{"start":{"line":26,"column":8},"end":{"line":26,"column":null}},"9":{"start":{"line":27,"column":8},"end":{"line":27,"column":null}},"10":{"start":{"line":28,"column":8},"end":{"line":28,"column":null}},"11":{"start":{"line":33,"column":4},"end":{"line":33,"column":null}},"12":{"start":{"line":34,"column":4},"end":{"line":34,"column":null}},"13":{"start":{"line":35,"column":4},"end":{"line":43,"column":null}},"14":{"start":{"line":36,"column":6},"end":{"line":36,"column":null}},"15":{"start":{"line":39,"column":6},"end":{"line":39,"column":null}},"16":{"start":{"line":42,"column":6},"end":{"line":42,"column":null}},"17":{"start":{"line":48,"column":4},"end":{"line":48,"column":null}},"18":{"start":{"line":48,"column":36},"end":{"line":48,"column":null}},"19":{"start":{"line":50,"column":20},"end":{"line":52,"column":null}},"20":{"start":{"line":51,"column":29},"end":{"line":51,"column":62}},"21":{"start":{"line":54,"column":16},"end":{"line":54,"column":null}},"22":{"start":{"line":55,"column":23},"end":{"line":55,"column":null}},"23":{"start":{"line":57,"column":4},"end":{"line":65,"column":null}},"24":{"start":{"line":58,"column":25},"end":{"line":58,"column":null}},"25":{"start":{"line":59,"column":6},"end":{"line":63,"column":null}},"26":{"start":{"line":60,"column":8},"end":{"line":60,"column":null}},"27":{"start":{"line":61,"column":8},"end":{"line":61,"column":null}},"28":{"start":{"line":62,"column":8},"end":{"line":62,"column":null}},"29":{"start":{"line":67,"column":4},"end":{"line":67,"column":null}},"30":{"start":{"line":68,"column":4},"end":{"line":71,"column":null}},"31":{"start":{"line":77,"column":36},"end":{"line":81,"column":null}},"32":{"start":{"line":83,"column":19},"end":{"line":83,"column":null}},"33":{"start":{"line":84,"column":45},"end":{"line":86,"column":null}},"34":{"start":{"line":85,"column":11},"end":{"line":85,"column":null}},"35":{"start":{"line":88,"column":4},"end":{"line":92,"column":null}},"36":{"start":{"line":94,"column":4},"end":{"line":96,"column":null}},"37":{"start":{"line":95,"column":6},"end":{"line":95,"column":null}},"38":{"start":{"line":98,"column":4},"end":{"line":98,"column":null}},"39":{"start":{"line":102,"column":4},"end":{"line":102,"column":null}},"40":{"start":{"line":103,"column":4},"end":{"line":103,"column":null}},"41":{"start":{"line":104,"column":4},"end":{"line":104,"column":null}},"42":{"start":{"line":105,"column":4},"end":{"line":105,"column":null}},"43":{"start":{"line":106,"column":4},"end":{"line":106,"column":null}},"44":{"start":{"line":107,"column":4},"end":{"line":107,"column":null}},"45":{"start":{"line":110,"column":2},"end":{"line":125,"column":null}}},"fnMap":{"0":{"name":"(anonymous_0)","decl":{"start":{"line":17,"column":54},"end":{"line":17,"column":60}},"loc":{"start":{"line":17,"column":60},"end":{"line":126,"column":1}},"line":17},"1":{"name":"fetchSymbols","decl":{"start":{"line":32,"column":17},"end":{"line":32,"column":47}},"loc":{"start":{"line":32,"column":47},"end":{"line":44,"column":null}},"line":32},"2":{"name":"fetchAllValues","decl":{"start":{"line":47,"column":17},"end":{"line":47,"column":49}},"loc":{"start":{"line":47,"column":49},"end":{"line":72,"column":null}},"line":47},"3":{"name":"(anonymous_3)","decl":{"start":{"line":51,"column":24},"end":{"line":51,"column":29}},"loc":{"start":{"line":51,"column":29},"end":{"line":51,"column":62}},"line":51},"4":{"name":"(anonymous_4)","decl":{"start":{"line":57,"column":20},"end":{"line":57,"column":21}},"loc":{"start":{"line":57,"column":35},"end":{"line":65,"column":5}},"line":57},"5":{"name":"addToHistory","decl":{"start":{"line":76,"column":11},"end":{"line":76,"column":24}},"loc":{"start":{"line":76,"column":82},"end":{"line":99,"column":null}},"line":76},"6":{"name":"(anonymous_6)","decl":{"start":{"line":85,"column":6},"end":{"line":85,"column":11}},"loc":{"start":{"line":85,"column":11},"end":{"line":85,"column":null}},"line":85},"7":{"name":"clearData","decl":{"start":{"line":101,"column":11},"end":{"line":101,"column":29}},"loc":{"start":{"line":101,"column":29},"end":{"line":108,"column":null}},"line":101}},"branchMap":{"0":{"loc":{"start":{"line":48,"column":4},"end":{"line":48,"column":null}},"type":"if","locations":[{"start":{"line":48,"column":4},"end":{"line":48,"column":null}},{"start":{},"end":{}}],"line":48},"1":{"loc":{"start":{"line":59,"column":6},"end":{"line":63,"column":null}},"type":"if","locations":[{"start":{"line":59,"column":6},"end":{"line":63,"column":null}},{"start":{},"end":{}}],"line":59},"2":{"loc":{"start":{"line":77,"column":36},"end":{"line":81,"column":null}},"type":"binary-expr","locations":[{"start":{"line":77,"column":36},"end":{"line":77,"column":69}},{"start":{"line":77,"column":69},"end":{"line":81,"column":null}}],"line":77},"3":{"loc":{"start":{"line":94,"column":4},"end":{"line":96,"column":null}},"type":"if","locations":[{"start":{"line":94,"column":4},"end":{"line":96,"column":null}},{"start":{},"end":{}}],"line":94}},"s":{"0":1,"1":1,"2":1,"3":11,"4":11,"5":11,"6":11,"7":11,"8":11,"9":11,"10":11,"11":7,"12":7,"13":7,"14":7,"15":1,"16":7,"17":6,"18":1,"19":5,"20":9,"21":5,"22":5,"23":5,"24":9,"25":9,"26":6,"27":6,"28":6,"29":5,"30":5,"31":65,"32":65,"33":65,"34":1478,"35":65,"36":65,"37":5,"38":65,"39":1,"40":1,"41":1,"42":1,"43":1,"44":1,"45":11},"f":{"0":11,"1":7,"2":6,"3":9,"4":9,"5":65,"6":1478,"7":1},"b":{"0":[1,5],"1":[6,3],"2":[65,9],"3":[5,60]},"meta":{"lastBranch":4,"lastFunction":8,"lastStatement":46,"seen":{"s:14:27:14:Infinity":0,"s:15:23:15:Infinity":1,"s:17:13:126:Infinity":2,"f:17:54:17:60":0,"s:18:8:18:Infinity":3,"s:21:8:21:Infinity":4,"s:22:8:22:Infinity":5,"s:24:8:24:Infinity":6,"s:25:8:25:Infinity":7,"s:26:8:26:Infinity":8,"s:27:8:27:Infinity":9,"s:28:8:28:Infinity":10,"f:32:17:32:47":1,"s:33:4:33:Infinity":11,"s:34:4:34:Infinity":12,"s:35:4:43:Infinity":13,"s:36:6:36:Infinity":14,"s:39:6:39:Infinity":15,"s:42:6:42:Infinity":16,"f:47:17:47:49":2,"b:48:4:48:Infinity:undefined:undefined:undefined:undefined":0,"s:48:4:48:Infinity":17,"s:48:36:48:Infinity":18,"s:50:20:52:Infinity":19,"f:51:24:51:29":3,"s:51:29:51:62":20,"s:54:16:54:Infinity":21,"s:55:23:55:Infinity":22,"s:57:4:65:Infinity":23,"f:57:20:57:21":4,"s:58:25:58:Infinity":24,"b:59:6:63:Infinity:undefined:undefined:undefined:undefined":1,"s:59:6:63:Infinity":25,"s:60:8:60:Infinity":26,"s:61:8:61:Infinity":27,"s:62:8:62:Infinity":28,"s:67:4:67:Infinity":29,"s:68:4:71:Infinity":30,"f:76:11:76:24":5,"s:77:36:81:Infinity":31,"b:77:36:77:69:77:69:81:Infinity":2,"s:83:19:83:Infinity":32,"s:84:45:86:Infinity":33,"f:85:6:85:11":6,"s:85:11:85:Infinity":34,"s:88:4:92:Infinity":35,"b:94:4:96:Infinity:undefined:undefined:undefined:undefined":3,"s:94:4:96:Infinity":36,"s:95:6:95:Infinity":37,"s:98:4:98:Infinity":38,"f:101:11:101:29":7,"s:102:4:102:Infinity":39,"s:103:4:103:Infinity":40,"s:104:4:104:Infinity":41,"s:105:4:105:Infinity":42,"s:106:4:106:Infinity":43,"s:107:4:107:Infinity":44,"s:110:2:125:Infinity":45}}}
,"/Users/david.cubler/toy/sel/sel-dashboard/app/utils/csvExport.ts": {"path":"/Users/david.cubler/toy/sel/sel-dashboard/app/utils/csvExport.ts","statementMap":{"0":{"start":{"line":5,"column":20},"end":{"line":5,"column":null}},"1":{"start":{"line":9,"column":2},"end":{"line":11,"column":null}},"2":{"start":{"line":10,"column":4},"end":{"line":10,"column":null}},"3":{"start":{"line":12,"column":2},"end":{"line":12,"column":null}},"4":{"start":{"line":23,"column":15},"end":{"line":33,"column":null}},"5":{"start":{"line":24,"column":18},"end":{"line":24,"column":null}},"6":{"start":{"line":25,"column":10},"end":{"line":25,"column":null}},"7":{"start":{"line":26,"column":4},"end":{"line":32,"column":null}},"8":{"start":{"line":35,"column":21},"end":{"line":38,"column":null}},"9":{"start":{"line":37,"column":21},"end":{"line":37,"column":32}},"10":{"start":{"line":40,"column":15},"end":{"line":40,"column":null}},"11":{"start":{"line":41,"column":14},"end":{"line":41,"column":null}},"12":{"start":{"line":42,"column":15},"end":{"line":42,"column":null}},"13":{"start":{"line":43,"column":2},"end":{"line":43,"column":null}},"14":{"start":{"line":44,"column":2},"end":{"line":44,"column":null}},"15":{"start":{"line":45,"column":2},"end":{"line":45,"column":null}},"16":{"start":{"line":46,"column":2},"end":{"line":46,"column":null}},"17":{"start":{"line":47,"column":2},"end":{"line":47,"column":null}},"18":{"start":{"line":48,"column":2},"end":{"line":48,"column":null}}},"fnMap":{"0":{"name":"escapeCsvValue","decl":{"start":{"line":7,"column":9},"end":{"line":7,"column":24}},"loc":{"start":{"line":7,"column":45},"end":{"line":13,"column":null}},"line":7},"1":{"name":"exportSymbolsCsv","decl":{"start":{"line":19,"column":16},"end":{"line":19,"column":null}},"loc":{"start":{"line":22,"column":8},"end":{"line":49,"column":null}},"line":22},"2":{"name":"(anonymous_2)","decl":{"start":{"line":23,"column":35},"end":{"line":23,"column":36}},"loc":{"start":{"line":23,"column":47},"end":{"line":33,"column":3}},"line":23},"3":{"name":"(anonymous_3)","decl":{"start":{"line":37,"column":16},"end":{"line":37,"column":21}},"loc":{"start":{"line":37,"column":21},"end":{"line":37,"column":32}},"line":37}},"branchMap":{"0":{"loc":{"start":{"line":9,"column":2},"end":{"line":11,"column":null}},"type":"if","locations":[{"start":{"line":9,"column":2},"end":{"line":11,"column":null}},{"start":{},"end":{}}],"line":9},"1":{"loc":{"start":{"line":9,"column":6},"end":{"line":9,"column":68}},"type":"binary-expr","locations":[{"start":{"line":9,"column":6},"end":{"line":9,"column":27}},{"start":{"line":9,"column":27},"end":{"line":9,"column":48}},{"start":{"line":9,"column":48},"end":{"line":9,"column":68}}],"line":9},"2":{"loc":{"start":{"line":28,"column":6},"end":{"line":28,"column":null}},"type":"cond-expr","locations":[{"start":{"line":28,"column":28},"end":{"line":28,"column":50}},{"start":{"line":28,"column":50},"end":{"line":28,"column":null}}],"line":28},"3":{"loc":{"start":{"line":29,"column":6},"end":{"line":29,"column":null}},"type":"cond-expr","locations":[{"start":{"line":29,"column":6},"end":{"line":29,"column":41}},{"start":{"line":29,"column":41},"end":{"line":29,"column":null}}],"line":29},"4":{"loc":{"start":{"line":30,"column":6},"end":{"line":30,"column":null}},"type":"cond-expr","locations":[{"start":{"line":30,"column":6},"end":{"line":30,"column":54}},{"start":{"line":30,"column":54},"end":{"line":30,"column":null}}],"line":30}},"s":{"0":1,"1":40,"2":1,"3":39,"4":5,"5":8,"6":8,"7":8,"8":5,"9":8,"10":5,"11":5,"12":5,"13":5,"14":5,"15":5,"16":5,"17":5,"18":5},"f":{"0":40,"1":5,"2":8,"3":8},"b":{"0":[1,39],"1":[40,39,39],"2":[2,6],"3":[2,6],"4":[2,6]},"meta":{"lastBranch":5,"lastFunction":4,"lastStatement":19,"seen":{"s:5:20:5:Infinity":0,"f:7:9:7:24":0,"b:9:2:11:Infinity:undefined:undefined:undefined:undefined":0,"s:9:2:11:Infinity":1,"b:9:6:9:27:9:27:9:48:9:48:9:68":1,"s:10:4:10:Infinity":2,"s:12:2:12:Infinity":3,"f:19:16:19:Infinity":1,"s:23:15:33:Infinity":4,"f:23:35:23:36":2,"s:24:18:24:Infinity":5,"s:25:10:25:Infinity":6,"s:26:4:32:Infinity":7,"b:28:28:28:50:28:50:28:Infinity":2,"b:29:6:29:41:29:41:29:Infinity":3,"b:30:6:30:54:30:54:30:Infinity":4,"s:35:21:38:Infinity":8,"f:37:16:37:21":3,"s:37:21:37:32":9,"s:40:15:40:Infinity":10,"s:41:14:41:Infinity":11,"s:42:15:42:Infinity":12,"s:43:2:43:Infinity":13,"s:44:2:44:Infinity":14,"s:45:2:45:Infinity":15,"s:46:2:46:Infinity":16,"s:47:2:47:Infinity":17,"s:48:2:48:Infinity":18}}}
,"/Users/david.cubler/toy/sel/sel-dashboard/app/utils/dateHelpers.ts": {"path":"/Users/david.cubler/toy/sel/sel-dashboard/app/utils/dateHelpers.ts","statementMap":{"0":{"start":{"line":3,"column":2},"end":{"line":3,"column":null}},"1":{"start":{"line":3,"column":13},"end":{"line":3,"column":null}},"2":{"start":{"line":4,"column":18},"end":{"line":4,"column":null}},"3":{"start":{"line":5,"column":2},"end":{"line":5,"column":null}},"4":{"start":{"line":5,"column":19},"end":{"line":5,"column":null}},"5":{"start":{"line":6,"column":2},"end":{"line":6,"column":null}},"6":{"start":{"line":6,"column":20},"end":{"line":6,"column":null}},"7":{"start":{"line":7,"column":18},"end":{"line":7,"column":null}},"8":{"start":{"line":8,"column":2},"end":{"line":8,"column":null}},"9":{"start":{"line":8,"column":20},"end":{"line":8,"column":null}},"10":{"start":{"line":9,"column":16},"end":{"line":9,"column":null}},"11":{"start":{"line":10,"column":2},"end":{"line":10,"column":null}},"12":{"start":{"line":15,"column":2},"end":{"line":15,"column":null}},"13":{"start":{"line":15,"column":14},"end":{"line":15,"column":null}},"14":{"start":{"line":16,"column":15},"end":{"line":16,"column":null}},"15":{"start":{"line":17,"column":2},"end":{"line":17,"column":null}},"16":{"start":{"line":17,"column":29},"end":{"line":17,"column":null}},"17":{"start":{"line":18,"column":2},"end":{"line":18,"column":null}},"18":{"start":{"line":23,"column":2},"end":{"line":23,"column":null}},"19":{"start":{"line":23,"column":13},"end":{"line":23,"column":null}},"20":{"start":{"line":24,"column":2},"end":{"line":24,"column":null}}},"fnMap":{"0":{"name":"formatRelativeTime","decl":{"start":{"line":2,"column":16},"end":{"line":2,"column":35}},"loc":{"start":{"line":2,"column":74},"end":{"line":11,"column":null}},"line":2},"1":{"name":"formatTimestamp","decl":{"start":{"line":14,"column":16},"end":{"line":14,"column":32}},"loc":{"start":{"line":14,"column":81},"end":{"line":19,"column":null}},"line":14},"2":{"name":"formatFullTimestamp","decl":{"start":{"line":22,"column":16},"end":{"line":22,"column":36}},"loc":{"start":{"line":22,"column":75},"end":{"line":25,"column":null}},"line":22}},"branchMap":{"0":{"loc":{"start":{"line":3,"column":2},"end":{"line":3,"column":null}},"type":"if","locations":[{"start":{"line":3,"column":2},"end":{"line":3,"column":null}},{"start":{},"end":{}}],"line":3},"1":{"loc":{"start":{"line":5,"column":2},"end":{"line":5,"column":null}},"type":"if","locations":[{"start":{"line":5,"column":2},"end":{"line":5,"column":null}},{"start":{},"end":{}}],"line":5},"2":{"loc":{"start":{"line":6,"column":2},"end":{"line":6,"column":null}},"type":"if","locations":[{"start":{"line":6,"column":2},"end":{"line":6,"column":null}},{"start":{},"end":{}}],"line":6},"3":{"loc":{"start":{"line":8,"column":2},"end":{"line":8,"column":null}},"type":"if","locations":[{"start":{"line":8,"column":2},"end":{"line":8,"column":null}},{"start":{},"end":{}}],"line":8},"4":{"loc":{"start":{"line":15,"column":2},"end":{"line":15,"column":null}},"type":"if","locations":[{"start":{"line":15,"column":2},"end":{"line":15,"column":null}},{"start":{},"end":{}}],"line":15},"5":{"loc":{"start":{"line":16,"column":15},"end":{"line":16,"column":null}},"type":"cond-expr","locations":[{"start":{"line":16,"column":43},"end":{"line":16,"column":61}},{"start":{"line":16,"column":61},"end":{"line":16,"column":null}}],"line":16},"6":{"loc":{"start":{"line":17,"column":2},"end":{"line":17,"column":null}},"type":"if","locations":[{"start":{"line":17,"column":2},"end":{"line":17,"column":null}},{"start":{},"end":{}}],"line":17},"7":{"loc":{"start":{"line":23,"column":2},"end":{"line":23,"column":null}},"type":"if","locations":[{"start":{"line":23,"column":2},"end":{"line":23,"column":null}},{"start":{},"end":{}}],"line":23}},"s":{"0":94,"1":2,"2":92,"3":92,"4":81,"5":11,"6":11,"7":3,"8":3,"9":2,"10":1,"11":1,"12":92,"13":2,"14":90,"15":92,"16":81,"17":9,"18":10,"19":2,"20":8},"f":{"0":94,"1":92,"2":10},"b":{"0":[2,92],"1":[81,11],"2":[8,3],"3":[2,1],"4":[2,90],"5":[89,1],"6":[81,11],"7":[2,8]},"meta":{"lastBranch":8,"lastFunction":3,"lastStatement":21,"seen":{"f:2:16:2:35":0,"b:3:2:3:Infinity:undefined:undefined:undefined:undefined":0,"s:3:2:3:Infinity":0,"s:3:13:3:Infinity":1,"s:4:18:4:Infinity":2,"b:5:2:5:Infinity:undefined:undefined:undefined:undefined":1,"s:5:2:5:Infinity":3,"s:5:19:5:Infinity":4,"b:6:2:6:Infinity:undefined:undefined:undefined:undefined":2,"s:6:2:6:Infinity":5,"s:6:20:6:Infinity":6,"s:7:18:7:Infinity":7,"b:8:2:8:Infinity:undefined:undefined:undefined:undefined":3,"s:8:2:8:Infinity":8,"s:8:20:8:Infinity":9,"s:9:16:9:Infinity":10,"s:10:2:10:Infinity":11,"f:14:16:14:32":1,"b:15:2:15:Infinity:undefined:undefined:undefined:undefined":4,"s:15:2:15:Infinity":12,"s:15:14:15:Infinity":13,"s:16:15:16:Infinity":14,"b:16:43:16:61:16:61:16:Infinity":5,"b:17:2:17:Infinity:undefined:undefined:undefined:undefined":6,"s:17:2:17:Infinity":15,"s:17:29:17:Infinity":16,"s:18:2:18:Infinity":17,"f:22:16:22:36":2,"b:23:2:23:Infinity:undefined:undefined:undefined:undefined":7,"s:23:2:23:Infinity":18,"s:23:13:23:Infinity":19,"s:24:2:24:Infinity":20}}}
,"/Users/david.cubler/toy/sel/sel-dashboard/app/utils/qualityHelpers.ts": {"path":"/Users/david.cubler/toy/sel/sel-dashboard/app/utils/qualityHelpers.ts","statementMap":{"0":{"start":{"line":4,"column":28},"end":{"line":4,"column":null}},"1":{"start":{"line":5,"column":27},"end":{"line":5,"column":null}},"2":{"start":{"line":8,"column":2},"end":{"line":8,"column":null}},"3":{"start":{"line":8,"column":20},"end":{"line":8,"column":null}},"4":{"start":{"line":9,"column":14},"end":{"line":9,"column":null}},"5":{"start":{"line":10,"column":2},"end":{"line":10,"column":null}},"6":{"start":{"line":10,"column":33},"end":{"line":10,"column":null}},"7":{"start":{"line":11,"column":2},"end":{"line":11,"column":null}},"8":{"start":{"line":11,"column":32},"end":{"line":11,"column":null}},"9":{"start":{"line":12,"column":2},"end":{"line":12,"column":null}},"10":{"start":{"line":16,"column":2},"end":{"line":16,"column":null}}},"fnMap":{"0":{"name":"getSymbolStatus","decl":{"start":{"line":7,"column":16},"end":{"line":7,"column":32}},"loc":{"start":{"line":7,"column":77},"end":{"line":13,"column":null}},"line":7},"1":{"name":"getStatusLabel","decl":{"start":{"line":15,"column":16},"end":{"line":15,"column":31}},"loc":{"start":{"line":15,"column":61},"end":{"line":17,"column":null}},"line":15}},"branchMap":{"0":{"loc":{"start":{"line":8,"column":2},"end":{"line":8,"column":null}},"type":"if","locations":[{"start":{"line":8,"column":2},"end":{"line":8,"column":null}},{"start":{},"end":{}}],"line":8},"1":{"loc":{"start":{"line":10,"column":2},"end":{"line":10,"column":null}},"type":"if","locations":[{"start":{"line":10,"column":2},"end":{"line":10,"column":null}},{"start":{},"end":{}}],"line":10},"2":{"loc":{"start":{"line":11,"column":2},"end":{"line":11,"column":null}},"type":"if","locations":[{"start":{"line":11,"column":2},"end":{"line":11,"column":null}},{"start":{},"end":{}}],"line":11}},"s":{"0":5,"1":5,"2":102,"3":8,"4":94,"5":94,"6":89,"7":5,"8":3,"9":2,"10":84},"f":{"0":102,"1":84},"b":{"0":[8,94],"1":[89,5],"2":[3,2]},"meta":{"lastBranch":3,"lastFunction":2,"lastStatement":11,"seen":{"s:4:28:4:Infinity":0,"s:5:27:5:Infinity":1,"f:7:16:7:32":0,"b:8:2:8:Infinity:undefined:undefined:undefined:undefined":0,"s:8:2:8:Infinity":2,"s:8:20:8:Infinity":3,"s:9:14:9:Infinity":4,"b:10:2:10:Infinity:undefined:undefined:undefined:undefined":1,"s:10:2:10:Infinity":5,"s:10:33:10:Infinity":6,"b:11:2:11:Infinity:undefined:undefined:undefined:undefined":2,"s:11:2:11:Infinity":7,"s:11:32:11:Infinity":8,"s:12:2:12:Infinity":9,"f:15:16:15:31":1,"s:16:2:16:Infinity":10}}}
}
